<!DOCTYPE html>
<html>
  <head>
    <meta charset="utf-8"/>
    <title id="head-title">report.html</title>
      <style type="text/css">body {
  font-family: Helvetica, Arial, sans-serif;
  font-size: 12px;
  /* do not increase min-width as some may use split screens */
  min-width: 800px;
  color: #999;
}

h1 {
  font-size: 24px;
  color: black;
}

h2 {
  font-size: 16px;
  color: black;
}

p {
  color: black;
}

a {
  color: #999;
}

table {
  border-collapse: collapse;
}

/******************************
 * SUMMARY INFORMATION
 ******************************/
#environment td {
  padding: 5px;
  border: 1px solid #e6e6e6;
  vertical-align: top;
}
#environment tr:nth-child(odd) {
  background-color: #f6f6f6;
}
#environment ul {
  margin: 0;
  padding: 0 20px;
}

/******************************
 * TEST RESULT COLORS
 ******************************/
span.passed,
.passed .col-result {
  color: green;
}

span.skipped,
span.xfailed,
span.rerun,
.skipped .col-result,
.xfailed .col-result,
.rerun .col-result {
  color: orange;
}

span.error,
span.failed,
span.xpassed,
.error .col-result,
.failed .col-result,
.xpassed .col-result {
  color: red;
}

.col-links__extra {
  margin-right: 3px;
}

/******************************
 * RESULTS TABLE
 *
 * 1. Table Layout
 * 2. Extra
 * 3. Sorting items
 *
 ******************************/
/*------------------
 * 1. Table Layout
 *------------------*/
#results-table {
  border: 1px solid #e6e6e6;
  color: #999;
  font-size: 12px;
  width: 100%;
}
#results-table th,
#results-table td {
  padding: 5px;
  border: 1px solid #e6e6e6;
  text-align: left;
}
#results-table th {
  font-weight: bold;
}

/*------------------
 * 2. Extra
 *------------------*/
.logwrapper {
  max-height: 230px;
  overflow-y: scroll;
  background-color: #e6e6e6;
}
.logwrapper.expanded {
  max-height: none;
}
.logwrapper.expanded .logexpander:after {
  content: "collapse [-]";
}
.logwrapper .logexpander {
  z-index: 1;
  position: sticky;
  top: 10px;
  width: max-content;
  border: 1px solid;
  border-radius: 3px;
  padding: 5px 7px;
  margin: 10px 0 10px calc(100% - 80px);
  cursor: pointer;
  background-color: #e6e6e6;
}
.logwrapper .logexpander:after {
  content: "expand [+]";
}
.logwrapper .logexpander:hover {
  color: #000;
  border-color: #000;
}
.logwrapper .log {
  min-height: 40px;
  position: relative;
  top: -50px;
  height: calc(100% + 50px);
  border: 1px solid #e6e6e6;
  color: black;
  display: block;
  font-family: "Courier New", Courier, monospace;
  padding: 5px;
  padding-right: 80px;
  white-space: pre-wrap;
}

div.media {
  border: 1px solid #e6e6e6;
  float: right;
  height: 240px;
  margin: 0 5px;
  overflow: hidden;
  width: 320px;
}

.media-container {
  display: grid;
  grid-template-columns: 25px auto 25px;
  align-items: center;
  flex: 1 1;
  overflow: hidden;
  height: 200px;
}

.media-container--fullscreen {
  grid-template-columns: 0px auto 0px;
}

.media-container__nav--right,
.media-container__nav--left {
  text-align: center;
  cursor: pointer;
}

.media-container__viewport {
  cursor: pointer;
  text-align: center;
  height: inherit;
}
.media-container__viewport img,
.media-container__viewport video {
  object-fit: cover;
  width: 100%;
  max-height: 100%;
}

.media__name,
.media__counter {
  display: flex;
  flex-direction: row;
  justify-content: space-around;
  flex: 0 0 25px;
  align-items: center;
}

.collapsible td:not(.col-links) {
  cursor: pointer;
}
.collapsible td:not(.col-links):hover::after {
  color: #bbb;
  font-style: italic;
  cursor: pointer;
}

.col-result {
  width: 130px;
}
.col-result:hover::after {
  content: " (hide details)";
}

.col-result.collapsed:hover::after {
  content: " (show details)";
}

#environment-header h2:hover::after {
  content: " (hide details)";
  color: #bbb;
  font-style: italic;
  cursor: pointer;
  font-size: 12px;
}

#environment-header.collapsed h2:hover::after {
  content: " (show details)";
  color: #bbb;
  font-style: italic;
  cursor: pointer;
  font-size: 12px;
}

/*------------------
 * 3. Sorting items
 *------------------*/
.sortable {
  cursor: pointer;
}
.sortable.desc:after {
  content: " ";
  position: relative;
  left: 5px;
  bottom: -12.5px;
  border: 10px solid #4caf50;
  border-bottom: 0;
  border-left-color: transparent;
  border-right-color: transparent;
}
.sortable.asc:after {
  content: " ";
  position: relative;
  left: 5px;
  bottom: 12.5px;
  border: 10px solid #4caf50;
  border-top: 0;
  border-left-color: transparent;
  border-right-color: transparent;
}

.hidden, .summary__reload__button.hidden {
  display: none;
}

.summary__data {
  flex: 0 0 550px;
}
.summary__reload {
  flex: 1 1;
  display: flex;
  justify-content: center;
}
.summary__reload__button {
  flex: 0 0 300px;
  display: flex;
  color: white;
  font-weight: bold;
  background-color: #4caf50;
  text-align: center;
  justify-content: center;
  align-items: center;
  border-radius: 3px;
  cursor: pointer;
}
.summary__reload__button:hover {
  background-color: #46a049;
}
.summary__spacer {
  flex: 0 0 550px;
}

.controls {
  display: flex;
  justify-content: space-between;
}

.filters,
.collapse {
  display: flex;
  align-items: center;
}
.filters button,
.collapse button {
  color: #999;
  border: none;
  background: none;
  cursor: pointer;
  text-decoration: underline;
}
.filters button:hover,
.collapse button:hover {
  color: #ccc;
}

.filter__label {
  margin-right: 10px;
}

      </style>
    
  </head>
  <body>
    <h1 id="title">report.html</h1>
    <p>Report generated on 12-Aug-2024 at 01:05:11 by <a href="https://pypi.python.org/pypi/pytest-html">pytest-html</a>
        v4.1.1</p>
    <div id="environment-header">
      <h2>Environment</h2>
    </div>
    <table id="environment"></table>
    <!-- TEMPLATES -->
      <template id="template_environment_row">
      <tr>
        <td></td>
        <td></td>
      </tr>
    </template>
    <template id="template_results-table__body--empty">
      <tbody class="results-table-row">
        <tr id="not-found-message">
          <td colspan="4">No results found. Check the filters.</th>
        </tr>
    </template>
    <template id="template_results-table__tbody">
      <tbody class="results-table-row">
        <tr class="collapsible">
        </tr>
        <tr class="extras-row">
          <td class="extra" colspan="4">
            <div class="extraHTML"></div>
            <div class="media">
              <div class="media-container">
                  <div class="media-container__nav--left"><</div>
                  <div class="media-container__viewport">
                    <img src="" />
                    <video controls>
                      <source src="" type="video/mp4">
                    </video>
                  </div>
                  <div class="media-container__nav--right">></div>
                </div>
                <div class="media__name"></div>
                <div class="media__counter"></div>
            </div>
            <div class="logwrapper">
              <div class="logexpander"></div>
              <div class="log"></div>
            </div>
          </td>
        </tr>
      </tbody>
    </template>
    <!-- END TEMPLATES -->
    <div class="summary">
      <div class="summary__data">
        <h2>Summary</h2>
        <div class="additional-summary prefix">
        </div>
        <p class="run-count">33 tests took 00:13:08.</p>
        <p class="filter">(Un)check the boxes to filter the results.</p>
        <div class="summary__reload">
          <div class="summary__reload__button hidden" onclick="location.reload()">
            <div>There are still tests running. <br />Reload this page to get the latest results!</div>
          </div>
        </div>
        <div class="summary__spacer"></div>
        <div class="controls">
          <div class="filters">
            <input checked="true" class="filter" name="filter_checkbox" type="checkbox" data-test-result="failed" />
            <span class="failed">29 Failed,</span>
            <input checked="true" class="filter" name="filter_checkbox" type="checkbox" data-test-result="passed" />
            <span class="passed">4 Passed,</span>
            <input checked="true" class="filter" name="filter_checkbox" type="checkbox" data-test-result="skipped" disabled/>
            <span class="skipped">0 Skipped,</span>
            <input checked="true" class="filter" name="filter_checkbox" type="checkbox" data-test-result="xfailed" disabled/>
            <span class="xfailed">0 Expected failures,</span>
            <input checked="true" class="filter" name="filter_checkbox" type="checkbox" data-test-result="xpassed" disabled/>
            <span class="xpassed">0 Unexpected passes,</span>
            <input checked="true" class="filter" name="filter_checkbox" type="checkbox" data-test-result="error" />
            <span class="error">3 Errors,</span>
            <input checked="true" class="filter" name="filter_checkbox" type="checkbox" data-test-result="rerun" disabled/>
            <span class="rerun">0 Reruns</span>
          </div>
          <div class="collapse">
            <button id="show_all_details">Show all details</button>&nbsp;/&nbsp;<button id="hide_all_details">Hide all details</button>
          </div>
        </div>
      </div>
      <div class="additional-summary summary">
      </div>
      <div class="additional-summary postfix">
      </div>
    </div>
    <table id="results-table">
      <thead id="results-table-head">
        <tr>
          <th class="sortable" data-column-type="result">Result</th>
          <th class="sortable" data-column-type="testId">Test</th>
          <th class="sortable" data-column-type="duration">Duration</th>
          <th>Links</th>
        </tr>
      </thead>
    </table>
  </body>
  <footer>
    <div id="data-container" data-jsonblob="{&#34;environment&#34;: {&#34;Python&#34;: &#34;3.12.2&#34;, &#34;Platform&#34;: &#34;Windows-11-10.0.22631-SP0&#34;, &#34;Packages&#34;: {&#34;pytest&#34;: &#34;8.3.2&#34;, &#34;pluggy&#34;: &#34;1.5.0&#34;}, &#34;Plugins&#34;: {&#34;html&#34;: &#34;4.1.1&#34;, &#34;metadata&#34;: &#34;3.1.1&#34;}}, &#34;tests&#34;: {&#34;login/test_login.py::TestLogin::test_login_failure_incorrect_username_password&#34;: [{&#34;extras&#34;: [], &#34;result&#34;: &#34;Passed&#34;, &#34;testId&#34;: &#34;login/test_login.py::TestLogin::test_login_failure_incorrect_username_password&#34;, &#34;duration&#34;: &#34;00:00:26&#34;, &#34;resultsTableRow&#34;: [&#34;&lt;td class=\&#34;col-result\&#34;&gt;Passed&lt;/td&gt;&#34;, &#34;&lt;td class=\&#34;col-testId\&#34;&gt;login/test_login.py::TestLogin::test_login_failure_incorrect_username_password&lt;/td&gt;&#34;, &#34;&lt;td class=\&#34;col-duration\&#34;&gt;00:00:26&lt;/td&gt;&#34;, &#34;&lt;td class=\&#34;col-links\&#34;&gt;&lt;/td&gt;&#34;], &#34;log&#34;: &#34;No log output captured.&#34;}], &#34;login/test_login.py::TestLogin::test_login_failure_incorrect_password&#34;: [{&#34;extras&#34;: [], &#34;result&#34;: &#34;Passed&#34;, &#34;testId&#34;: &#34;login/test_login.py::TestLogin::test_login_failure_incorrect_password&#34;, &#34;duration&#34;: &#34;00:00:07&#34;, &#34;resultsTableRow&#34;: [&#34;&lt;td class=\&#34;col-result\&#34;&gt;Passed&lt;/td&gt;&#34;, &#34;&lt;td class=\&#34;col-testId\&#34;&gt;login/test_login.py::TestLogin::test_login_failure_incorrect_password&lt;/td&gt;&#34;, &#34;&lt;td class=\&#34;col-duration\&#34;&gt;00:00:07&lt;/td&gt;&#34;, &#34;&lt;td class=\&#34;col-links\&#34;&gt;&lt;/td&gt;&#34;], &#34;log&#34;: &#34;No log output captured.&#34;}], &#34;login/test_login.py::TestLogin::test_login_failure_incorrect_username&#34;: [{&#34;extras&#34;: [], &#34;result&#34;: &#34;Passed&#34;, &#34;testId&#34;: &#34;login/test_login.py::TestLogin::test_login_failure_incorrect_username&#34;, &#34;duration&#34;: &#34;00:00:06&#34;, &#34;resultsTableRow&#34;: [&#34;&lt;td class=\&#34;col-result\&#34;&gt;Passed&lt;/td&gt;&#34;, &#34;&lt;td class=\&#34;col-testId\&#34;&gt;login/test_login.py::TestLogin::test_login_failure_incorrect_username&lt;/td&gt;&#34;, &#34;&lt;td class=\&#34;col-duration\&#34;&gt;00:00:06&lt;/td&gt;&#34;, &#34;&lt;td class=\&#34;col-links\&#34;&gt;&lt;/td&gt;&#34;], &#34;log&#34;: &#34;No log output captured.&#34;}], &#34;login/test_login.py::TestLogin::test_login_success_correct_username_password&#34;: [{&#34;extras&#34;: [], &#34;result&#34;: &#34;Passed&#34;, &#34;testId&#34;: &#34;login/test_login.py::TestLogin::test_login_success_correct_username_password&#34;, &#34;duration&#34;: &#34;00:00:09&#34;, &#34;resultsTableRow&#34;: [&#34;&lt;td class=\&#34;col-result\&#34;&gt;Passed&lt;/td&gt;&#34;, &#34;&lt;td class=\&#34;col-testId\&#34;&gt;login/test_login.py::TestLogin::test_login_success_correct_username_password&lt;/td&gt;&#34;, &#34;&lt;td class=\&#34;col-duration\&#34;&gt;00:00:09&lt;/td&gt;&#34;, &#34;&lt;td class=\&#34;col-links\&#34;&gt;&lt;/td&gt;&#34;], &#34;log&#34;: &#34;No log output captured.&#34;}], &#34;admin/test_admin.py::TestAdmin::test_add_user_failure_all_are_not_filled_in&#34;: [{&#34;extras&#34;: [], &#34;result&#34;: &#34;Error&#34;, &#34;testId&#34;: &#34;admin/test_admin.py::TestAdmin::test_add_user_failure_all_are_not_filled_in::setup&#34;, &#34;duration&#34;: &#34;00:00:15&#34;, &#34;resultsTableRow&#34;: [&#34;&lt;td class=\&#34;col-result\&#34;&gt;Error&lt;/td&gt;&#34;, &#34;&lt;td class=\&#34;col-testId\&#34;&gt;admin/test_admin.py::TestAdmin::test_add_user_failure_all_are_not_filled_in::setup&lt;/td&gt;&#34;, &#34;&lt;td class=\&#34;col-duration\&#34;&gt;00:00:15&lt;/td&gt;&#34;, &#34;&lt;td class=\&#34;col-links\&#34;&gt;&lt;/td&gt;&#34;], &#34;log&#34;: &#34;cls = &amp;lt;class &amp;#x27;test_admin.TestAdmin&amp;#x27;&amp;gt;\n\n    @classmethod\n    def setup_class(cls):\n        chrome_service = ChromeService(executable_path=ChromeDriverManager().install())\n        cls.driver = webdriver.Chrome(service=chrome_service)\n        cls.driver.get(&amp;quot;https://opensource-demo.orangehrmlive.com/&amp;quot;)\n    \n        wait = WebDriverWait(cls.driver, 10)\n&amp;gt;       username_field = wait.until(EC.presence_of_element_located((By.NAME, &amp;quot;username&amp;quot;)))\n\nadmin\\test_admin.py:19: \n_ _ _ _ _ _ _ _ _ _ _ _ _ _ _ _ _ _ _ _ _ _ _ _ _ _ _ _ _ _ _ _ _ _ _ _ _ _ _ _ _ _ _ _ _ _ _ _ _ _ _ _ _ _ _ _ _ _ _ _ _ _ _ _ _ _ _ _ _ _ _ _ _ _ _ _ _ _ _\n\nself = &amp;lt;selenium.webdriver.support.wait.WebDriverWait (session=&amp;quot;85a24f38bdbdc84750335fb68ae629c6&amp;quot;)&amp;gt;\nmethod = &amp;lt;function presence_of_element_located.&amp;lt;locals&amp;gt;._predicate at 0x00000280A49B0860&amp;gt;, message = &amp;#x27;&amp;#x27;\n\n    def until(self, method: Callable[[D], Union[Literal[False], T]], message: str = &amp;quot;&amp;quot;) -&amp;gt; T:\n        &amp;quot;&amp;quot;&amp;quot;Calls the method provided with the driver as an argument until the \\\n        return value does not evaluate to ``False``.\n    \n        :param method: callable(WebDriver)\n        :param message: optional message for :exc:`TimeoutException`\n        :returns: the result of the last call to `method`\n        :raises: :exc:`selenium.common.exceptions.TimeoutException` if timeout occurs\n        &amp;quot;&amp;quot;&amp;quot;\n        screen = None\n        stacktrace = None\n    \n        end_time = time.monotonic() + self._timeout\n        while True:\n            try:\n                value = method(self._driver)\n                if value:\n                    return value\n            except self._ignored_exceptions as exc:\n                screen = getattr(exc, &amp;quot;screen&amp;quot;, None)\n                stacktrace = getattr(exc, &amp;quot;stacktrace&amp;quot;, None)\n            time.sleep(self._poll)\n            if time.monotonic() &amp;gt; end_time:\n                break\n&amp;gt;       raise TimeoutException(message, screen, stacktrace)\nE       selenium.common.exceptions.TimeoutException: Message: \nE       Stacktrace:\nE       \tGetHandleVerifier [0x00D58923+23283]\nE       \t(No symbol) [0x00D1E934]\nE       \t(No symbol) [0x00C50733]\nE       \t(No symbol) [0x00C9326F]\nE       \t(No symbol) [0x00C934AB]\nE       \t(No symbol) [0x00CCEE42]\nE       \t(No symbol) [0x00CB4464]\nE       \t(No symbol) [0x00CCCB8D]\nE       \t(No symbol) [0x00CB41B6]\nE       \t(No symbol) [0x00C88017]\nE       \t(No symbol) [0x00C8890D]\nE       \tGetHandleVerifier [0x00E4A5E3+1013683]\nE       \tGetHandleVerifier [0x00E53E3C+1052684]\nE       \tGetHandleVerifier [0x00E4D4A4+1025652]\nE       \tGetHandleVerifier [0x00D7EA2B+179195]\nE       \t(No symbol) [0x00D26833]\nE       \t(No symbol) [0x00D23198]\nE       \t(No symbol) [0x00D23337]\nE       \t(No symbol) [0x00D1B4BE]\nE       \tBaseThreadInitThunk [0x75047BA9+25]\nE       \tRtlInitializeExceptionChain [0x772CC10B+107]\nE       \tRtlClearBits [0x772CC08F+191]\n\n..\\..\\.venv\\Lib\\site-packages\\selenium\\webdriver\\support\\wait.py:105: TimeoutException\n&#34;}], &#34;admin/test_admin.py::TestAdmin::test_add_user_failure_unselect_userRole_status&#34;: [{&#34;extras&#34;: [], &#34;result&#34;: &#34;Error&#34;, &#34;testId&#34;: &#34;admin/test_admin.py::TestAdmin::test_add_user_failure_unselect_userRole_status::setup&#34;, &#34;duration&#34;: &#34;0 ms&#34;, &#34;resultsTableRow&#34;: [&#34;&lt;td class=\&#34;col-result\&#34;&gt;Error&lt;/td&gt;&#34;, &#34;&lt;td class=\&#34;col-testId\&#34;&gt;admin/test_admin.py::TestAdmin::test_add_user_failure_unselect_userRole_status::setup&lt;/td&gt;&#34;, &#34;&lt;td class=\&#34;col-duration\&#34;&gt;0 ms&lt;/td&gt;&#34;, &#34;&lt;td class=\&#34;col-links\&#34;&gt;&lt;/td&gt;&#34;], &#34;log&#34;: &#34;cls = &amp;lt;class &amp;#x27;test_admin.TestAdmin&amp;#x27;&amp;gt;\n\n    @classmethod\n    def setup_class(cls):\n        chrome_service = ChromeService(executable_path=ChromeDriverManager().install())\n        cls.driver = webdriver.Chrome(service=chrome_service)\n        cls.driver.get(&amp;quot;https://opensource-demo.orangehrmlive.com/&amp;quot;)\n    \n        wait = WebDriverWait(cls.driver, 10)\n&amp;gt;       username_field = wait.until(EC.presence_of_element_located((By.NAME, &amp;quot;username&amp;quot;)))\n\nadmin\\test_admin.py:19: \n_ _ _ _ _ _ _ _ _ _ _ _ _ _ _ _ _ _ _ _ _ _ _ _ _ _ _ _ _ _ _ _ _ _ _ _ _ _ _ _ _ _ _ _ _ _ _ _ _ _ _ _ _ _ _ _ _ _ _ _ _ _ _ _ _ _ _ _ _ _ _ _ _ _ _ _ _ _ _\n\nself = &amp;lt;selenium.webdriver.support.wait.WebDriverWait (session=&amp;quot;85a24f38bdbdc84750335fb68ae629c6&amp;quot;)&amp;gt;\nmethod = &amp;lt;function presence_of_element_located.&amp;lt;locals&amp;gt;._predicate at 0x00000280A49B0860&amp;gt;, message = &amp;#x27;&amp;#x27;\n\n    def until(self, method: Callable[[D], Union[Literal[False], T]], message: str = &amp;quot;&amp;quot;) -&amp;gt; T:\n        &amp;quot;&amp;quot;&amp;quot;Calls the method provided with the driver as an argument until the \\\n        return value does not evaluate to ``False``.\n    \n        :param method: callable(WebDriver)\n        :param message: optional message for :exc:`TimeoutException`\n        :returns: the result of the last call to `method`\n        :raises: :exc:`selenium.common.exceptions.TimeoutException` if timeout occurs\n        &amp;quot;&amp;quot;&amp;quot;\n        screen = None\n        stacktrace = None\n    \n        end_time = time.monotonic() + self._timeout\n        while True:\n            try:\n                value = method(self._driver)\n                if value:\n                    return value\n            except self._ignored_exceptions as exc:\n                screen = getattr(exc, &amp;quot;screen&amp;quot;, None)\n                stacktrace = getattr(exc, &amp;quot;stacktrace&amp;quot;, None)\n            time.sleep(self._poll)\n            if time.monotonic() &amp;gt; end_time:\n                break\n&amp;gt;       raise TimeoutException(message, screen, stacktrace)\nE       selenium.common.exceptions.TimeoutException: Message: \nE       Stacktrace:\nE       \tGetHandleVerifier [0x00D58923+23283]\nE       \t(No symbol) [0x00D1E934]\nE       \t(No symbol) [0x00C50733]\nE       \t(No symbol) [0x00C9326F]\nE       \t(No symbol) [0x00C934AB]\nE       \t(No symbol) [0x00CCEE42]\nE       \t(No symbol) [0x00CB4464]\nE       \t(No symbol) [0x00CCCB8D]\nE       \t(No symbol) [0x00CB41B6]\nE       \t(No symbol) [0x00C88017]\nE       \t(No symbol) [0x00C8890D]\nE       \tGetHandleVerifier [0x00E4A5E3+1013683]\nE       \tGetHandleVerifier [0x00E53E3C+1052684]\nE       \tGetHandleVerifier [0x00E4D4A4+1025652]\nE       \tGetHandleVerifier [0x00D7EA2B+179195]\nE       \t(No symbol) [0x00D26833]\nE       \t(No symbol) [0x00D23198]\nE       \t(No symbol) [0x00D23337]\nE       \t(No symbol) [0x00D1B4BE]\nE       \tBaseThreadInitThunk [0x75047BA9+25]\nE       \tRtlInitializeExceptionChain [0x772CC10B+107]\nE       \tRtlClearBits [0x772CC08F+191]\n\n..\\..\\.venv\\Lib\\site-packages\\selenium\\webdriver\\support\\wait.py:105: TimeoutException\n&#34;}], &#34;admin/test_admin.py::TestAdmin::test_add_user_success_all_filled_in&#34;: [{&#34;extras&#34;: [], &#34;result&#34;: &#34;Error&#34;, &#34;testId&#34;: &#34;admin/test_admin.py::TestAdmin::test_add_user_success_all_filled_in::setup&#34;, &#34;duration&#34;: &#34;1 ms&#34;, &#34;resultsTableRow&#34;: [&#34;&lt;td class=\&#34;col-result\&#34;&gt;Error&lt;/td&gt;&#34;, &#34;&lt;td class=\&#34;col-testId\&#34;&gt;admin/test_admin.py::TestAdmin::test_add_user_success_all_filled_in::setup&lt;/td&gt;&#34;, &#34;&lt;td class=\&#34;col-duration\&#34;&gt;1 ms&lt;/td&gt;&#34;, &#34;&lt;td class=\&#34;col-links\&#34;&gt;&lt;/td&gt;&#34;], &#34;log&#34;: &#34;cls = &amp;lt;class &amp;#x27;test_admin.TestAdmin&amp;#x27;&amp;gt;\n\n    @classmethod\n    def setup_class(cls):\n        chrome_service = ChromeService(executable_path=ChromeDriverManager().install())\n        cls.driver = webdriver.Chrome(service=chrome_service)\n        cls.driver.get(&amp;quot;https://opensource-demo.orangehrmlive.com/&amp;quot;)\n    \n        wait = WebDriverWait(cls.driver, 10)\n&amp;gt;       username_field = wait.until(EC.presence_of_element_located((By.NAME, &amp;quot;username&amp;quot;)))\n\nadmin\\test_admin.py:19: \n_ _ _ _ _ _ _ _ _ _ _ _ _ _ _ _ _ _ _ _ _ _ _ _ _ _ _ _ _ _ _ _ _ _ _ _ _ _ _ _ _ _ _ _ _ _ _ _ _ _ _ _ _ _ _ _ _ _ _ _ _ _ _ _ _ _ _ _ _ _ _ _ _ _ _ _ _ _ _\n\nself = &amp;lt;selenium.webdriver.support.wait.WebDriverWait (session=&amp;quot;85a24f38bdbdc84750335fb68ae629c6&amp;quot;)&amp;gt;\nmethod = &amp;lt;function presence_of_element_located.&amp;lt;locals&amp;gt;._predicate at 0x00000280A49B0860&amp;gt;, message = &amp;#x27;&amp;#x27;\n\n    def until(self, method: Callable[[D], Union[Literal[False], T]], message: str = &amp;quot;&amp;quot;) -&amp;gt; T:\n        &amp;quot;&amp;quot;&amp;quot;Calls the method provided with the driver as an argument until the \\\n        return value does not evaluate to ``False``.\n    \n        :param method: callable(WebDriver)\n        :param message: optional message for :exc:`TimeoutException`\n        :returns: the result of the last call to `method`\n        :raises: :exc:`selenium.common.exceptions.TimeoutException` if timeout occurs\n        &amp;quot;&amp;quot;&amp;quot;\n        screen = None\n        stacktrace = None\n    \n        end_time = time.monotonic() + self._timeout\n        while True:\n            try:\n                value = method(self._driver)\n                if value:\n                    return value\n            except self._ignored_exceptions as exc:\n                screen = getattr(exc, &amp;quot;screen&amp;quot;, None)\n                stacktrace = getattr(exc, &amp;quot;stacktrace&amp;quot;, None)\n            time.sleep(self._poll)\n            if time.monotonic() &amp;gt; end_time:\n                break\n&amp;gt;       raise TimeoutException(message, screen, stacktrace)\nE       selenium.common.exceptions.TimeoutException: Message: \nE       Stacktrace:\nE       \tGetHandleVerifier [0x00D58923+23283]\nE       \t(No symbol) [0x00D1E934]\nE       \t(No symbol) [0x00C50733]\nE       \t(No symbol) [0x00C9326F]\nE       \t(No symbol) [0x00C934AB]\nE       \t(No symbol) [0x00CCEE42]\nE       \t(No symbol) [0x00CB4464]\nE       \t(No symbol) [0x00CCCB8D]\nE       \t(No symbol) [0x00CB41B6]\nE       \t(No symbol) [0x00C88017]\nE       \t(No symbol) [0x00C8890D]\nE       \tGetHandleVerifier [0x00E4A5E3+1013683]\nE       \tGetHandleVerifier [0x00E53E3C+1052684]\nE       \tGetHandleVerifier [0x00E4D4A4+1025652]\nE       \tGetHandleVerifier [0x00D7EA2B+179195]\nE       \t(No symbol) [0x00D26833]\nE       \t(No symbol) [0x00D23198]\nE       \t(No symbol) [0x00D23337]\nE       \t(No symbol) [0x00D1B4BE]\nE       \tBaseThreadInitThunk [0x75047BA9+25]\nE       \tRtlInitializeExceptionChain [0x772CC10B+107]\nE       \tRtlClearBits [0x772CC08F+191]\n\n..\\..\\.venv\\Lib\\site-packages\\selenium\\webdriver\\support\\wait.py:105: TimeoutException\n&#34;}], &#34;pim/test_pim.py::TestPIM::test_add_employee&#34;: [{&#34;extras&#34;: [], &#34;result&#34;: &#34;Failed&#34;, &#34;testId&#34;: &#34;pim/test_pim.py::TestPIM::test_add_employee&#34;, &#34;duration&#34;: &#34;00:01:45&#34;, &#34;resultsTableRow&#34;: [&#34;&lt;td class=\&#34;col-result\&#34;&gt;Failed&lt;/td&gt;&#34;, &#34;&lt;td class=\&#34;col-testId\&#34;&gt;pim/test_pim.py::TestPIM::test_add_employee&lt;/td&gt;&#34;, &#34;&lt;td class=\&#34;col-duration\&#34;&gt;00:01:45&lt;/td&gt;&#34;, &#34;&lt;td class=\&#34;col-links\&#34;&gt;&lt;/td&gt;&#34;], &#34;log&#34;: &#34;self = &amp;lt;test_pim.TestPIM object at 0x00000280A490CD10&amp;gt;\n\n    def test_add_employee(self):\n        driver = self.driver\n        wait = WebDriverWait(driver, 10)\n    \n        self.login_as_admin()\n    \n        # Navigate to the PIM module\n&amp;gt;       pim_menu = wait.until(EC.presence_of_element_located((By.ID, &amp;quot;menu_pim_viewPimModule&amp;quot;)))\n\npim\\test_pim.py:49: \n_ _ _ _ _ _ _ _ _ _ _ _ _ _ _ _ _ _ _ _ _ _ _ _ _ _ _ _ _ _ _ _ _ _ _ _ _ _ _ _ _ _ _ _ _ _ _ _ _ _ _ _ _ _ _ _ _ _ _ _ _ _ _ _ _ _ _ _ _ _ _ _ _ _ _ _ _ _ _\n\nself = &amp;lt;selenium.webdriver.support.wait.WebDriverWait (session=&amp;quot;4ebef0be762ddded0700625ac743bbd0&amp;quot;)&amp;gt;\nmethod = &amp;lt;function presence_of_element_located.&amp;lt;locals&amp;gt;._predicate at 0x00000280A49B19E0&amp;gt;, message = &amp;#x27;&amp;#x27;\n\n    def until(self, method: Callable[[D], Union[Literal[False], T]], message: str = &amp;quot;&amp;quot;) -&amp;gt; T:\n        &amp;quot;&amp;quot;&amp;quot;Calls the method provided with the driver as an argument until the \\\n        return value does not evaluate to ``False``.\n    \n        :param method: callable(WebDriver)\n        :param message: optional message for :exc:`TimeoutException`\n        :returns: the result of the last call to `method`\n        :raises: :exc:`selenium.common.exceptions.TimeoutException` if timeout occurs\n        &amp;quot;&amp;quot;&amp;quot;\n        screen = None\n        stacktrace = None\n    \n        end_time = time.monotonic() + self._timeout\n        while True:\n            try:\n                value = method(self._driver)\n                if value:\n                    return value\n            except self._ignored_exceptions as exc:\n                screen = getattr(exc, &amp;quot;screen&amp;quot;, None)\n                stacktrace = getattr(exc, &amp;quot;stacktrace&amp;quot;, None)\n            time.sleep(self._poll)\n            if time.monotonic() &amp;gt; end_time:\n                break\n&amp;gt;       raise TimeoutException(message, screen, stacktrace)\nE       selenium.common.exceptions.TimeoutException: Message: \nE       Stacktrace:\nE       \tGetHandleVerifier [0x00D58923+23283]\nE       \t(No symbol) [0x00D1E934]\nE       \t(No symbol) [0x00C50733]\nE       \t(No symbol) [0x00C9326F]\nE       \t(No symbol) [0x00C934AB]\nE       \t(No symbol) [0x00CCEE42]\nE       \t(No symbol) [0x00CB4464]\nE       \t(No symbol) [0x00CCCB8D]\nE       \t(No symbol) [0x00CB41B6]\nE       \t(No symbol) [0x00C88017]\nE       \t(No symbol) [0x00C8890D]\nE       \tGetHandleVerifier [0x00E4A5E3+1013683]\nE       \tGetHandleVerifier [0x00E53E3C+1052684]\nE       \tGetHandleVerifier [0x00E4D4A4+1025652]\nE       \tGetHandleVerifier [0x00D7EA2B+179195]\nE       \t(No symbol) [0x00D26833]\nE       \t(No symbol) [0x00D23198]\nE       \t(No symbol) [0x00D23337]\nE       \t(No symbol) [0x00D1B4BE]\nE       \tBaseThreadInitThunk [0x75047BA9+25]\nE       \tRtlInitializeExceptionChain [0x772CC10B+107]\nE       \tRtlClearBits [0x772CC08F+191]\n\n..\\..\\.venv\\Lib\\site-packages\\selenium\\webdriver\\support\\wait.py:105: TimeoutException\n&#34;}], &#34;pim/test_pim.py::TestPIM::test_edit_employee&#34;: [{&#34;extras&#34;: [], &#34;result&#34;: &#34;Failed&#34;, &#34;testId&#34;: &#34;pim/test_pim.py::TestPIM::test_edit_employee&#34;, &#34;duration&#34;: &#34;00:00:10&#34;, &#34;resultsTableRow&#34;: [&#34;&lt;td class=\&#34;col-result\&#34;&gt;Failed&lt;/td&gt;&#34;, &#34;&lt;td class=\&#34;col-testId\&#34;&gt;pim/test_pim.py::TestPIM::test_edit_employee&lt;/td&gt;&#34;, &#34;&lt;td class=\&#34;col-duration\&#34;&gt;00:00:10&lt;/td&gt;&#34;, &#34;&lt;td class=\&#34;col-links\&#34;&gt;&lt;/td&gt;&#34;], &#34;log&#34;: &#34;self = &amp;lt;test_pim.TestPIM object at 0x00000280A490DB20&amp;gt;\n\n    def test_edit_employee(self):\n        driver = self.driver\n        wait = WebDriverWait(driver, 10)\n    \n&amp;gt;       self.login_as_admin()\n\npim\\test_pim.py:80: \n_ _ _ _ _ _ _ _ _ _ _ _ _ _ _ _ _ _ _ _ _ _ _ _ _ _ _ _ _ _ _ _ _ _ _ _ _ _ _ _ _ _ _ _ _ _ _ _ _ _ _ _ _ _ _ _ _ _ _ _ _ _ _ _ _ _ _ _ _ _ _ _ _ _ _ _ _ _ _\npim\\test_pim.py:27: in login_as_admin\n    username_field = wait.until(EC.presence_of_element_located((By.NAME, &amp;quot;username&amp;quot;)))\n_ _ _ _ _ _ _ _ _ _ _ _ _ _ _ _ _ _ _ _ _ _ _ _ _ _ _ _ _ _ _ _ _ _ _ _ _ _ _ _ _ _ _ _ _ _ _ _ _ _ _ _ _ _ _ _ _ _ _ _ _ _ _ _ _ _ _ _ _ _ _ _ _ _ _ _ _ _ _\n\nself = &amp;lt;selenium.webdriver.support.wait.WebDriverWait (session=&amp;quot;4ebef0be762ddded0700625ac743bbd0&amp;quot;)&amp;gt;\nmethod = &amp;lt;function presence_of_element_located.&amp;lt;locals&amp;gt;._predicate at 0x00000280A49B2520&amp;gt;, message = &amp;#x27;&amp;#x27;\n\n    def until(self, method: Callable[[D], Union[Literal[False], T]], message: str = &amp;quot;&amp;quot;) -&amp;gt; T:\n        &amp;quot;&amp;quot;&amp;quot;Calls the method provided with the driver as an argument until the \\\n        return value does not evaluate to ``False``.\n    \n        :param method: callable(WebDriver)\n        :param message: optional message for :exc:`TimeoutException`\n        :returns: the result of the last call to `method`\n        :raises: :exc:`selenium.common.exceptions.TimeoutException` if timeout occurs\n        &amp;quot;&amp;quot;&amp;quot;\n        screen = None\n        stacktrace = None\n    \n        end_time = time.monotonic() + self._timeout\n        while True:\n            try:\n                value = method(self._driver)\n                if value:\n                    return value\n            except self._ignored_exceptions as exc:\n                screen = getattr(exc, &amp;quot;screen&amp;quot;, None)\n                stacktrace = getattr(exc, &amp;quot;stacktrace&amp;quot;, None)\n            time.sleep(self._poll)\n            if time.monotonic() &amp;gt; end_time:\n                break\n&amp;gt;       raise TimeoutException(message, screen, stacktrace)\nE       selenium.common.exceptions.TimeoutException: Message: \nE       Stacktrace:\nE       \tGetHandleVerifier [0x00D58923+23283]\nE       \t(No symbol) [0x00D1E934]\nE       \t(No symbol) [0x00C50733]\nE       \t(No symbol) [0x00C9326F]\nE       \t(No symbol) [0x00C934AB]\nE       \t(No symbol) [0x00CCEE42]\nE       \t(No symbol) [0x00CB4464]\nE       \t(No symbol) [0x00CCCB8D]\nE       \t(No symbol) [0x00CB41B6]\nE       \t(No symbol) [0x00C88017]\nE       \t(No symbol) [0x00C8890D]\nE       \tGetHandleVerifier [0x00E4A5E3+1013683]\nE       \tGetHandleVerifier [0x00E53E3C+1052684]\nE       \tGetHandleVerifier [0x00E4D4A4+1025652]\nE       \tGetHandleVerifier [0x00D7EA2B+179195]\nE       \t(No symbol) [0x00D26833]\nE       \t(No symbol) [0x00D23198]\nE       \t(No symbol) [0x00D23337]\nE       \t(No symbol) [0x00D1B4BE]\nE       \tBaseThreadInitThunk [0x75047BA9+25]\nE       \tRtlInitializeExceptionChain [0x772CC10B+107]\nE       \tRtlClearBits [0x772CC08F+191]\n\n..\\..\\.venv\\Lib\\site-packages\\selenium\\webdriver\\support\\wait.py:105: TimeoutException\n&#34;}], &#34;pim/test_pim.py::TestPIM::test_view_employee&#34;: [{&#34;extras&#34;: [], &#34;result&#34;: &#34;Failed&#34;, &#34;testId&#34;: &#34;pim/test_pim.py::TestPIM::test_view_employee&#34;, &#34;duration&#34;: &#34;00:00:13&#34;, &#34;resultsTableRow&#34;: [&#34;&lt;td class=\&#34;col-result\&#34;&gt;Failed&lt;/td&gt;&#34;, &#34;&lt;td class=\&#34;col-testId\&#34;&gt;pim/test_pim.py::TestPIM::test_view_employee&lt;/td&gt;&#34;, &#34;&lt;td class=\&#34;col-duration\&#34;&gt;00:00:13&lt;/td&gt;&#34;, &#34;&lt;td class=\&#34;col-links\&#34;&gt;&lt;/td&gt;&#34;], &#34;log&#34;: &#34;self = &amp;lt;test_pim.TestPIM object at 0x00000280A490DC70&amp;gt;\n\n    def test_view_employee(self):\n        driver = self.driver\n        wait = WebDriverWait(driver, 10)\n    \n&amp;gt;       self.login_as_admin()\n\npim\\test_pim.py:119: \n_ _ _ _ _ _ _ _ _ _ _ _ _ _ _ _ _ _ _ _ _ _ _ _ _ _ _ _ _ _ _ _ _ _ _ _ _ _ _ _ _ _ _ _ _ _ _ _ _ _ _ _ _ _ _ _ _ _ _ _ _ _ _ _ _ _ _ _ _ _ _ _ _ _ _ _ _ _ _\npim\\test_pim.py:27: in login_as_admin\n    username_field = wait.until(EC.presence_of_element_located((By.NAME, &amp;quot;username&amp;quot;)))\n_ _ _ _ _ _ _ _ _ _ _ _ _ _ _ _ _ _ _ _ _ _ _ _ _ _ _ _ _ _ _ _ _ _ _ _ _ _ _ _ _ _ _ _ _ _ _ _ _ _ _ _ _ _ _ _ _ _ _ _ _ _ _ _ _ _ _ _ _ _ _ _ _ _ _ _ _ _ _\n\nself = &amp;lt;selenium.webdriver.support.wait.WebDriverWait (session=&amp;quot;4ebef0be762ddded0700625ac743bbd0&amp;quot;)&amp;gt;\nmethod = &amp;lt;function presence_of_element_located.&amp;lt;locals&amp;gt;._predicate at 0x00000280A49B18A0&amp;gt;, message = &amp;#x27;&amp;#x27;\n\n    def until(self, method: Callable[[D], Union[Literal[False], T]], message: str = &amp;quot;&amp;quot;) -&amp;gt; T:\n        &amp;quot;&amp;quot;&amp;quot;Calls the method provided with the driver as an argument until the \\\n        return value does not evaluate to ``False``.\n    \n        :param method: callable(WebDriver)\n        :param message: optional message for :exc:`TimeoutException`\n        :returns: the result of the last call to `method`\n        :raises: :exc:`selenium.common.exceptions.TimeoutException` if timeout occurs\n        &amp;quot;&amp;quot;&amp;quot;\n        screen = None\n        stacktrace = None\n    \n        end_time = time.monotonic() + self._timeout\n        while True:\n            try:\n                value = method(self._driver)\n                if value:\n                    return value\n            except self._ignored_exceptions as exc:\n                screen = getattr(exc, &amp;quot;screen&amp;quot;, None)\n                stacktrace = getattr(exc, &amp;quot;stacktrace&amp;quot;, None)\n            time.sleep(self._poll)\n            if time.monotonic() &amp;gt; end_time:\n                break\n&amp;gt;       raise TimeoutException(message, screen, stacktrace)\nE       selenium.common.exceptions.TimeoutException: Message: \nE       Stacktrace:\nE       \tGetHandleVerifier [0x00D58923+23283]\nE       \t(No symbol) [0x00D1E934]\nE       \t(No symbol) [0x00C50733]\nE       \t(No symbol) [0x00C9326F]\nE       \t(No symbol) [0x00C934AB]\nE       \t(No symbol) [0x00CCEE42]\nE       \t(No symbol) [0x00CB4464]\nE       \t(No symbol) [0x00CCCB8D]\nE       \t(No symbol) [0x00CB41B6]\nE       \t(No symbol) [0x00C88017]\nE       \t(No symbol) [0x00C8890D]\nE       \tGetHandleVerifier [0x00E4A5E3+1013683]\nE       \tGetHandleVerifier [0x00E53E3C+1052684]\nE       \tGetHandleVerifier [0x00E4D4A4+1025652]\nE       \tGetHandleVerifier [0x00D7EA2B+179195]\nE       \t(No symbol) [0x00D26833]\nE       \t(No symbol) [0x00D23198]\nE       \t(No symbol) [0x00D23337]\nE       \t(No symbol) [0x00D1B4BE]\nE       \tBaseThreadInitThunk [0x75047BA9+25]\nE       \tRtlInitializeExceptionChain [0x772CC10B+107]\nE       \tRtlClearBits [0x772CC08F+191]\n\n..\\..\\.venv\\Lib\\site-packages\\selenium\\webdriver\\support\\wait.py:105: TimeoutException\n&#34;}], &#34;leave/test_leave.py::TestLeave::test_apply_leave&#34;: [{&#34;extras&#34;: [], &#34;result&#34;: &#34;Failed&#34;, &#34;testId&#34;: &#34;leave/test_leave.py::TestLeave::test_apply_leave&#34;, &#34;duration&#34;: &#34;00:00:47&#34;, &#34;resultsTableRow&#34;: [&#34;&lt;td class=\&#34;col-result\&#34;&gt;Failed&lt;/td&gt;&#34;, &#34;&lt;td class=\&#34;col-testId\&#34;&gt;leave/test_leave.py::TestLeave::test_apply_leave&lt;/td&gt;&#34;, &#34;&lt;td class=\&#34;col-duration\&#34;&gt;00:00:47&lt;/td&gt;&#34;, &#34;&lt;td class=\&#34;col-links\&#34;&gt;&lt;/td&gt;&#34;], &#34;log&#34;: &#34;self = &amp;lt;test_leave.TestLeave object at 0x00000280A490DC40&amp;gt;\n\n    def test_apply_leave(self):\n        leave_page = LeavePage(self.driver)\n        leave_page.login_as_admin()\n&amp;gt;       leave_page.navigate_to_leave()\n\nleave\\test_leave.py:66: \n_ _ _ _ _ _ _ _ _ _ _ _ _ _ _ _ _ _ _ _ _ _ _ _ _ _ _ _ _ _ _ _ _ _ _ _ _ _ _ _ _ _ _ _ _ _ _ _ _ _ _ _ _ _ _ _ _ _ _ _ _ _ _ _ _ _ _ _ _ _ _ _ _ _ _ _ _ _ _\nleave\\test_leave.py:33: in navigate_to_leave\n    leave_menu = self.wait.until(EC.presence_of_element_located((By.ID, &amp;quot;menu_leave&amp;quot;)))\n_ _ _ _ _ _ _ _ _ _ _ _ _ _ _ _ _ _ _ _ _ _ _ _ _ _ _ _ _ _ _ _ _ _ _ _ _ _ _ _ _ _ _ _ _ _ _ _ _ _ _ _ _ _ _ _ _ _ _ _ _ _ _ _ _ _ _ _ _ _ _ _ _ _ _ _ _ _ _\n\nself = &amp;lt;selenium.webdriver.support.wait.WebDriverWait (session=&amp;quot;01de4452e3221ee3f6b85b3d37721b60&amp;quot;)&amp;gt;\nmethod = &amp;lt;function presence_of_element_located.&amp;lt;locals&amp;gt;._predicate at 0x00000280A49B16C0&amp;gt;, message = &amp;#x27;&amp;#x27;\n\n    def until(self, method: Callable[[D], Union[Literal[False], T]], message: str = &amp;quot;&amp;quot;) -&amp;gt; T:\n        &amp;quot;&amp;quot;&amp;quot;Calls the method provided with the driver as an argument until the \\\n        return value does not evaluate to ``False``.\n    \n        :param method: callable(WebDriver)\n        :param message: optional message for :exc:`TimeoutException`\n        :returns: the result of the last call to `method`\n        :raises: :exc:`selenium.common.exceptions.TimeoutException` if timeout occurs\n        &amp;quot;&amp;quot;&amp;quot;\n        screen = None\n        stacktrace = None\n    \n        end_time = time.monotonic() + self._timeout\n        while True:\n            try:\n                value = method(self._driver)\n                if value:\n                    return value\n            except self._ignored_exceptions as exc:\n                screen = getattr(exc, &amp;quot;screen&amp;quot;, None)\n                stacktrace = getattr(exc, &amp;quot;stacktrace&amp;quot;, None)\n            time.sleep(self._poll)\n            if time.monotonic() &amp;gt; end_time:\n                break\n&amp;gt;       raise TimeoutException(message, screen, stacktrace)\nE       selenium.common.exceptions.TimeoutException: Message: \nE       Stacktrace:\nE       \tGetHandleVerifier [0x00D58923+23283]\nE       \t(No symbol) [0x00D1E934]\nE       \t(No symbol) [0x00C50733]\nE       \t(No symbol) [0x00C9326F]\nE       \t(No symbol) [0x00C934AB]\nE       \t(No symbol) [0x00CCEE42]\nE       \t(No symbol) [0x00CB4464]\nE       \t(No symbol) [0x00CCCB8D]\nE       \t(No symbol) [0x00CB41B6]\nE       \t(No symbol) [0x00C88017]\nE       \t(No symbol) [0x00C8890D]\nE       \tGetHandleVerifier [0x00E4A5E3+1013683]\nE       \tGetHandleVerifier [0x00E53E3C+1052684]\nE       \tGetHandleVerifier [0x00E4D4A4+1025652]\nE       \tGetHandleVerifier [0x00D7EA2B+179195]\nE       \t(No symbol) [0x00D26833]\nE       \t(No symbol) [0x00D23198]\nE       \t(No symbol) [0x00D23337]\nE       \t(No symbol) [0x00D1B4BE]\nE       \tBaseThreadInitThunk [0x75047BA9+25]\nE       \tRtlInitializeExceptionChain [0x772CC10B+107]\nE       \tRtlClearBits [0x772CC08F+191]\n\n..\\..\\.venv\\Lib\\site-packages\\selenium\\webdriver\\support\\wait.py:105: TimeoutException\n&#34;}], &#34;time/test_time.py::TestClaim::test_create_new_claim&#34;: [{&#34;extras&#34;: [], &#34;result&#34;: &#34;Failed&#34;, &#34;testId&#34;: &#34;time/test_time.py::TestClaim::test_create_new_claim&#34;, &#34;duration&#34;: &#34;00:00:38&#34;, &#34;resultsTableRow&#34;: [&#34;&lt;td class=\&#34;col-result\&#34;&gt;Failed&lt;/td&gt;&#34;, &#34;&lt;td class=\&#34;col-testId\&#34;&gt;time/test_time.py::TestClaim::test_create_new_claim&lt;/td&gt;&#34;, &#34;&lt;td class=\&#34;col-duration\&#34;&gt;00:00:38&lt;/td&gt;&#34;, &#34;&lt;td class=\&#34;col-links\&#34;&gt;&lt;/td&gt;&#34;], &#34;log&#34;: &#34;self = &amp;lt;test_time.TestClaim object at 0x00000280A490F320&amp;gt;\n\n    def test_create_new_claim(self):\n        driver = self.driver\n        wait = WebDriverWait(driver, 10)\n    \n        self.login_as_admin()\n    \n        # Navigate to the Claims page\n&amp;gt;       claim_menu = wait.until(EC.presence_of_element_located((By.ID, &amp;quot;menu_claim&amp;quot;)))\n\ntime\\test_time.py:49: \n_ _ _ _ _ _ _ _ _ _ _ _ _ _ _ _ _ _ _ _ _ _ _ _ _ _ _ _ _ _ _ _ _ _ _ _ _ _ _ _ _ _ _ _ _ _ _ _ _ _ _ _ _ _ _ _ _ _ _ _ _ _ _ _ _ _ _ _ _ _ _ _ _ _ _ _ _ _ _\n\nself = &amp;lt;selenium.webdriver.support.wait.WebDriverWait (session=&amp;quot;a1e3bf316dd1b723bf47cf2906c7a0d2&amp;quot;)&amp;gt;\nmethod = &amp;lt;function presence_of_element_located.&amp;lt;locals&amp;gt;._predicate at 0x00000280A49B0680&amp;gt;, message = &amp;#x27;&amp;#x27;\n\n    def until(self, method: Callable[[D], Union[Literal[False], T]], message: str = &amp;quot;&amp;quot;) -&amp;gt; T:\n        &amp;quot;&amp;quot;&amp;quot;Calls the method provided with the driver as an argument until the \\\n        return value does not evaluate to ``False``.\n    \n        :param method: callable(WebDriver)\n        :param message: optional message for :exc:`TimeoutException`\n        :returns: the result of the last call to `method`\n        :raises: :exc:`selenium.common.exceptions.TimeoutException` if timeout occurs\n        &amp;quot;&amp;quot;&amp;quot;\n        screen = None\n        stacktrace = None\n    \n        end_time = time.monotonic() + self._timeout\n        while True:\n            try:\n                value = method(self._driver)\n                if value:\n                    return value\n            except self._ignored_exceptions as exc:\n                screen = getattr(exc, &amp;quot;screen&amp;quot;, None)\n                stacktrace = getattr(exc, &amp;quot;stacktrace&amp;quot;, None)\n            time.sleep(self._poll)\n            if time.monotonic() &amp;gt; end_time:\n                break\n&amp;gt;       raise TimeoutException(message, screen, stacktrace)\nE       selenium.common.exceptions.TimeoutException: Message: \nE       Stacktrace:\nE       \tGetHandleVerifier [0x00D58923+23283]\nE       \t(No symbol) [0x00D1E934]\nE       \t(No symbol) [0x00C50733]\nE       \t(No symbol) [0x00C9326F]\nE       \t(No symbol) [0x00C934AB]\nE       \t(No symbol) [0x00CCEE42]\nE       \t(No symbol) [0x00CB4464]\nE       \t(No symbol) [0x00CCCB8D]\nE       \t(No symbol) [0x00CB41B6]\nE       \t(No symbol) [0x00C88017]\nE       \t(No symbol) [0x00C8890D]\nE       \tGetHandleVerifier [0x00E4A5E3+1013683]\nE       \tGetHandleVerifier [0x00E53E3C+1052684]\nE       \tGetHandleVerifier [0x00E4D4A4+1025652]\nE       \tGetHandleVerifier [0x00D7EA2B+179195]\nE       \t(No symbol) [0x00D26833]\nE       \t(No symbol) [0x00D23198]\nE       \t(No symbol) [0x00D23337]\nE       \t(No symbol) [0x00D1B4BE]\nE       \tBaseThreadInitThunk [0x75047BA9+25]\nE       \tRtlInitializeExceptionChain [0x772CC10B+107]\nE       \tRtlClearBits [0x772CC08F+191]\n\n..\\..\\.venv\\Lib\\site-packages\\selenium\\webdriver\\support\\wait.py:105: TimeoutException\n&#34;}], &#34;time/test_time.py::TestClaim::test_approve_claim&#34;: [{&#34;extras&#34;: [], &#34;result&#34;: &#34;Failed&#34;, &#34;testId&#34;: &#34;time/test_time.py::TestClaim::test_approve_claim&#34;, &#34;duration&#34;: &#34;00:00:10&#34;, &#34;resultsTableRow&#34;: [&#34;&lt;td class=\&#34;col-result\&#34;&gt;Failed&lt;/td&gt;&#34;, &#34;&lt;td class=\&#34;col-testId\&#34;&gt;time/test_time.py::TestClaim::test_approve_claim&lt;/td&gt;&#34;, &#34;&lt;td class=\&#34;col-duration\&#34;&gt;00:00:10&lt;/td&gt;&#34;, &#34;&lt;td class=\&#34;col-links\&#34;&gt;&lt;/td&gt;&#34;], &#34;log&#34;: &#34;self = &amp;lt;test_time.TestClaim object at 0x00000280A490EB10&amp;gt;\n\n    def test_approve_claim(self):\n        driver = self.driver\n        wait = WebDriverWait(driver, 10)\n    \n&amp;gt;       self.login_as_admin()\n\ntime\\test_time.py:80: \n_ _ _ _ _ _ _ _ _ _ _ _ _ _ _ _ _ _ _ _ _ _ _ _ _ _ _ _ _ _ _ _ _ _ _ _ _ _ _ _ _ _ _ _ _ _ _ _ _ _ _ _ _ _ _ _ _ _ _ _ _ _ _ _ _ _ _ _ _ _ _ _ _ _ _ _ _ _ _\ntime\\test_time.py:27: in login_as_admin\n    username_field = wait.until(EC.presence_of_element_located((By.NAME, &amp;quot;username&amp;quot;)))\n_ _ _ _ _ _ _ _ _ _ _ _ _ _ _ _ _ _ _ _ _ _ _ _ _ _ _ _ _ _ _ _ _ _ _ _ _ _ _ _ _ _ _ _ _ _ _ _ _ _ _ _ _ _ _ _ _ _ _ _ _ _ _ _ _ _ _ _ _ _ _ _ _ _ _ _ _ _ _\n\nself = &amp;lt;selenium.webdriver.support.wait.WebDriverWait (session=&amp;quot;a1e3bf316dd1b723bf47cf2906c7a0d2&amp;quot;)&amp;gt;\nmethod = &amp;lt;function presence_of_element_located.&amp;lt;locals&amp;gt;._predicate at 0x00000280A49B0400&amp;gt;, message = &amp;#x27;&amp;#x27;\n\n    def until(self, method: Callable[[D], Union[Literal[False], T]], message: str = &amp;quot;&amp;quot;) -&amp;gt; T:\n        &amp;quot;&amp;quot;&amp;quot;Calls the method provided with the driver as an argument until the \\\n        return value does not evaluate to ``False``.\n    \n        :param method: callable(WebDriver)\n        :param message: optional message for :exc:`TimeoutException`\n        :returns: the result of the last call to `method`\n        :raises: :exc:`selenium.common.exceptions.TimeoutException` if timeout occurs\n        &amp;quot;&amp;quot;&amp;quot;\n        screen = None\n        stacktrace = None\n    \n        end_time = time.monotonic() + self._timeout\n        while True:\n            try:\n                value = method(self._driver)\n                if value:\n                    return value\n            except self._ignored_exceptions as exc:\n                screen = getattr(exc, &amp;quot;screen&amp;quot;, None)\n                stacktrace = getattr(exc, &amp;quot;stacktrace&amp;quot;, None)\n            time.sleep(self._poll)\n            if time.monotonic() &amp;gt; end_time:\n                break\n&amp;gt;       raise TimeoutException(message, screen, stacktrace)\nE       selenium.common.exceptions.TimeoutException: Message: \nE       Stacktrace:\nE       \tGetHandleVerifier [0x00D58923+23283]\nE       \t(No symbol) [0x00D1E934]\nE       \t(No symbol) [0x00C50733]\nE       \t(No symbol) [0x00C9326F]\nE       \t(No symbol) [0x00C934AB]\nE       \t(No symbol) [0x00CCEE42]\nE       \t(No symbol) [0x00CB4464]\nE       \t(No symbol) [0x00CCCB8D]\nE       \t(No symbol) [0x00CB41B6]\nE       \t(No symbol) [0x00C88017]\nE       \t(No symbol) [0x00C8890D]\nE       \tGetHandleVerifier [0x00E4A5E3+1013683]\nE       \tGetHandleVerifier [0x00E53E3C+1052684]\nE       \tGetHandleVerifier [0x00E4D4A4+1025652]\nE       \tGetHandleVerifier [0x00D7EA2B+179195]\nE       \t(No symbol) [0x00D26833]\nE       \t(No symbol) [0x00D23198]\nE       \t(No symbol) [0x00D23337]\nE       \t(No symbol) [0x00D1B4BE]\nE       \tBaseThreadInitThunk [0x75047BA9+25]\nE       \tRtlInitializeExceptionChain [0x772CC10B+107]\nE       \tRtlClearBits [0x772CC08F+191]\n\n..\\..\\.venv\\Lib\\site-packages\\selenium\\webdriver\\support\\wait.py:105: TimeoutException\n&#34;}], &#34;time/test_time.py::TestClaim::test_view_claim_history&#34;: [{&#34;extras&#34;: [], &#34;result&#34;: &#34;Failed&#34;, &#34;testId&#34;: &#34;time/test_time.py::TestClaim::test_view_claim_history&#34;, &#34;duration&#34;: &#34;00:00:13&#34;, &#34;resultsTableRow&#34;: [&#34;&lt;td class=\&#34;col-result\&#34;&gt;Failed&lt;/td&gt;&#34;, &#34;&lt;td class=\&#34;col-testId\&#34;&gt;time/test_time.py::TestClaim::test_view_claim_history&lt;/td&gt;&#34;, &#34;&lt;td class=\&#34;col-duration\&#34;&gt;00:00:13&lt;/td&gt;&#34;, &#34;&lt;td class=\&#34;col-links\&#34;&gt;&lt;/td&gt;&#34;], &#34;log&#34;: &#34;self = &amp;lt;test_time.TestClaim object at 0x00000280A490ECC0&amp;gt;\n\n    def test_view_claim_history(self):\n        driver = self.driver\n        wait = WebDriverWait(driver, 10)\n    \n&amp;gt;       self.login_as_admin()\n\ntime\\test_time.py:107: \n_ _ _ _ _ _ _ _ _ _ _ _ _ _ _ _ _ _ _ _ _ _ _ _ _ _ _ _ _ _ _ _ _ _ _ _ _ _ _ _ _ _ _ _ _ _ _ _ _ _ _ _ _ _ _ _ _ _ _ _ _ _ _ _ _ _ _ _ _ _ _ _ _ _ _ _ _ _ _\ntime\\test_time.py:27: in login_as_admin\n    username_field = wait.until(EC.presence_of_element_located((By.NAME, &amp;quot;username&amp;quot;)))\n_ _ _ _ _ _ _ _ _ _ _ _ _ _ _ _ _ _ _ _ _ _ _ _ _ _ _ _ _ _ _ _ _ _ _ _ _ _ _ _ _ _ _ _ _ _ _ _ _ _ _ _ _ _ _ _ _ _ _ _ _ _ _ _ _ _ _ _ _ _ _ _ _ _ _ _ _ _ _\n\nself = &amp;lt;selenium.webdriver.support.wait.WebDriverWait (session=&amp;quot;a1e3bf316dd1b723bf47cf2906c7a0d2&amp;quot;)&amp;gt;\nmethod = &amp;lt;function presence_of_element_located.&amp;lt;locals&amp;gt;._predicate at 0x00000280A49B2D40&amp;gt;, message = &amp;#x27;&amp;#x27;\n\n    def until(self, method: Callable[[D], Union[Literal[False], T]], message: str = &amp;quot;&amp;quot;) -&amp;gt; T:\n        &amp;quot;&amp;quot;&amp;quot;Calls the method provided with the driver as an argument until the \\\n        return value does not evaluate to ``False``.\n    \n        :param method: callable(WebDriver)\n        :param message: optional message for :exc:`TimeoutException`\n        :returns: the result of the last call to `method`\n        :raises: :exc:`selenium.common.exceptions.TimeoutException` if timeout occurs\n        &amp;quot;&amp;quot;&amp;quot;\n        screen = None\n        stacktrace = None\n    \n        end_time = time.monotonic() + self._timeout\n        while True:\n            try:\n                value = method(self._driver)\n                if value:\n                    return value\n            except self._ignored_exceptions as exc:\n                screen = getattr(exc, &amp;quot;screen&amp;quot;, None)\n                stacktrace = getattr(exc, &amp;quot;stacktrace&amp;quot;, None)\n            time.sleep(self._poll)\n            if time.monotonic() &amp;gt; end_time:\n                break\n&amp;gt;       raise TimeoutException(message, screen, stacktrace)\nE       selenium.common.exceptions.TimeoutException: Message: \nE       Stacktrace:\nE       \tGetHandleVerifier [0x00D58923+23283]\nE       \t(No symbol) [0x00D1E934]\nE       \t(No symbol) [0x00C50733]\nE       \t(No symbol) [0x00C9326F]\nE       \t(No symbol) [0x00C934AB]\nE       \t(No symbol) [0x00CCEE42]\nE       \t(No symbol) [0x00CB4464]\nE       \t(No symbol) [0x00CCCB8D]\nE       \t(No symbol) [0x00CB41B6]\nE       \t(No symbol) [0x00C88017]\nE       \t(No symbol) [0x00C8890D]\nE       \tGetHandleVerifier [0x00E4A5E3+1013683]\nE       \tGetHandleVerifier [0x00E53E3C+1052684]\nE       \tGetHandleVerifier [0x00E4D4A4+1025652]\nE       \tGetHandleVerifier [0x00D7EA2B+179195]\nE       \t(No symbol) [0x00D26833]\nE       \t(No symbol) [0x00D23198]\nE       \t(No symbol) [0x00D23337]\nE       \t(No symbol) [0x00D1B4BE]\nE       \tBaseThreadInitThunk [0x75047BA9+25]\nE       \tRtlInitializeExceptionChain [0x772CC10B+107]\nE       \tRtlClearBits [0x772CC08F+191]\n\n..\\..\\.venv\\Lib\\site-packages\\selenium\\webdriver\\support\\wait.py:105: TimeoutException\n&#34;}], &#34;recruitment/test_recruitment.py::TestRecruitment::test_add_job_vacancy&#34;: [{&#34;extras&#34;: [], &#34;result&#34;: &#34;Failed&#34;, &#34;testId&#34;: &#34;recruitment/test_recruitment.py::TestRecruitment::test_add_job_vacancy&#34;, &#34;duration&#34;: &#34;00:00:37&#34;, &#34;resultsTableRow&#34;: [&#34;&lt;td class=\&#34;col-result\&#34;&gt;Failed&lt;/td&gt;&#34;, &#34;&lt;td class=\&#34;col-testId\&#34;&gt;recruitment/test_recruitment.py::TestRecruitment::test_add_job_vacancy&lt;/td&gt;&#34;, &#34;&lt;td class=\&#34;col-duration\&#34;&gt;00:00:37&lt;/td&gt;&#34;, &#34;&lt;td class=\&#34;col-links\&#34;&gt;&lt;/td&gt;&#34;], &#34;log&#34;: &#34;self = &amp;lt;test_recruitment.TestRecruitment object at 0x00000280A490F350&amp;gt;\n\n    def test_add_job_vacancy(self):\n        recruitment_page = RecruitmentPage(self.driver)\n        recruitment_page.login_as_admin()\n&amp;gt;       recruitment_page.navigate_to_recruitment()\n\nrecruitment\\test_recruitment.py:62: \n_ _ _ _ _ _ _ _ _ _ _ _ _ _ _ _ _ _ _ _ _ _ _ _ _ _ _ _ _ _ _ _ _ _ _ _ _ _ _ _ _ _ _ _ _ _ _ _ _ _ _ _ _ _ _ _ _ _ _ _ _ _ _ _ _ _ _ _ _ _ _ _ _ _ _ _ _ _ _\nrecruitment\\test_recruitment.py:33: in navigate_to_recruitment\n    recruitment_menu = self.wait.until(EC.presence_of_element_located((By.ID, &amp;quot;menu_recruitment&amp;quot;)))\n_ _ _ _ _ _ _ _ _ _ _ _ _ _ _ _ _ _ _ _ _ _ _ _ _ _ _ _ _ _ _ _ _ _ _ _ _ _ _ _ _ _ _ _ _ _ _ _ _ _ _ _ _ _ _ _ _ _ _ _ _ _ _ _ _ _ _ _ _ _ _ _ _ _ _ _ _ _ _\n\nself = &amp;lt;selenium.webdriver.support.wait.WebDriverWait (session=&amp;quot;e38ed6d31a6860925143440c09d1552c&amp;quot;)&amp;gt;\nmethod = &amp;lt;function presence_of_element_located.&amp;lt;locals&amp;gt;._predicate at 0x00000280A49B0360&amp;gt;, message = &amp;#x27;&amp;#x27;\n\n    def until(self, method: Callable[[D], Union[Literal[False], T]], message: str = &amp;quot;&amp;quot;) -&amp;gt; T:\n        &amp;quot;&amp;quot;&amp;quot;Calls the method provided with the driver as an argument until the \\\n        return value does not evaluate to ``False``.\n    \n        :param method: callable(WebDriver)\n        :param message: optional message for :exc:`TimeoutException`\n        :returns: the result of the last call to `method`\n        :raises: :exc:`selenium.common.exceptions.TimeoutException` if timeout occurs\n        &amp;quot;&amp;quot;&amp;quot;\n        screen = None\n        stacktrace = None\n    \n        end_time = time.monotonic() + self._timeout\n        while True:\n            try:\n                value = method(self._driver)\n                if value:\n                    return value\n            except self._ignored_exceptions as exc:\n                screen = getattr(exc, &amp;quot;screen&amp;quot;, None)\n                stacktrace = getattr(exc, &amp;quot;stacktrace&amp;quot;, None)\n            time.sleep(self._poll)\n            if time.monotonic() &amp;gt; end_time:\n                break\n&amp;gt;       raise TimeoutException(message, screen, stacktrace)\nE       selenium.common.exceptions.TimeoutException: Message: \nE       Stacktrace:\nE       \tGetHandleVerifier [0x00D58923+23283]\nE       \t(No symbol) [0x00D1E934]\nE       \t(No symbol) [0x00C50733]\nE       \t(No symbol) [0x00C9326F]\nE       \t(No symbol) [0x00C934AB]\nE       \t(No symbol) [0x00CCEE42]\nE       \t(No symbol) [0x00CB4464]\nE       \t(No symbol) [0x00CCCB8D]\nE       \t(No symbol) [0x00CB41B6]\nE       \t(No symbol) [0x00C88017]\nE       \t(No symbol) [0x00C8890D]\nE       \tGetHandleVerifier [0x00E4A5E3+1013683]\nE       \tGetHandleVerifier [0x00E53E3C+1052684]\nE       \tGetHandleVerifier [0x00E4D4A4+1025652]\nE       \tGetHandleVerifier [0x00D7EA2B+179195]\nE       \t(No symbol) [0x00D26833]\nE       \t(No symbol) [0x00D23198]\nE       \t(No symbol) [0x00D23337]\nE       \t(No symbol) [0x00D1B4BE]\nE       \tBaseThreadInitThunk [0x75047BA9+25]\nE       \tRtlInitializeExceptionChain [0x772CC10B+107]\nE       \tRtlClearBits [0x772CC08F+191]\n\n..\\..\\.venv\\Lib\\site-packages\\selenium\\webdriver\\support\\wait.py:105: TimeoutException\n&#34;}], &#34;myInfo/test_myInfo.py::TestMyInfo::test_update_personal_details&#34;: [{&#34;extras&#34;: [], &#34;result&#34;: &#34;Failed&#34;, &#34;testId&#34;: &#34;myInfo/test_myInfo.py::TestMyInfo::test_update_personal_details&#34;, &#34;duration&#34;: &#34;00:00:49&#34;, &#34;resultsTableRow&#34;: [&#34;&lt;td class=\&#34;col-result\&#34;&gt;Failed&lt;/td&gt;&#34;, &#34;&lt;td class=\&#34;col-testId\&#34;&gt;myInfo/test_myInfo.py::TestMyInfo::test_update_personal_details&lt;/td&gt;&#34;, &#34;&lt;td class=\&#34;col-duration\&#34;&gt;00:00:49&lt;/td&gt;&#34;, &#34;&lt;td class=\&#34;col-links\&#34;&gt;&lt;/td&gt;&#34;], &#34;log&#34;: &#34;self = &amp;lt;test_myInfo.TestMyInfo object at 0x00000280A490F5C0&amp;gt;\n\n    def test_update_personal_details(self):\n        driver = self.driver\n        wait = WebDriverWait(driver, 10)\n    \n        self.login_as_admin()\n    \n        # Navigate to My Info\n&amp;gt;       my_info_menu = wait.until(EC.presence_of_element_located((By.ID, &amp;quot;menu_pim_viewMyDetails&amp;quot;)))\n\nmyInfo\\test_myInfo.py:49: \n_ _ _ _ _ _ _ _ _ _ _ _ _ _ _ _ _ _ _ _ _ _ _ _ _ _ _ _ _ _ _ _ _ _ _ _ _ _ _ _ _ _ _ _ _ _ _ _ _ _ _ _ _ _ _ _ _ _ _ _ _ _ _ _ _ _ _ _ _ _ _ _ _ _ _ _ _ _ _\n\nself = &amp;lt;selenium.webdriver.support.wait.WebDriverWait (session=&amp;quot;dc2434d89993686c2134e43fc826afa8&amp;quot;)&amp;gt;\nmethod = &amp;lt;function presence_of_element_located.&amp;lt;locals&amp;gt;._predicate at 0x00000280A49B13A0&amp;gt;, message = &amp;#x27;&amp;#x27;\n\n    def until(self, method: Callable[[D], Union[Literal[False], T]], message: str = &amp;quot;&amp;quot;) -&amp;gt; T:\n        &amp;quot;&amp;quot;&amp;quot;Calls the method provided with the driver as an argument until the \\\n        return value does not evaluate to ``False``.\n    \n        :param method: callable(WebDriver)\n        :param message: optional message for :exc:`TimeoutException`\n        :returns: the result of the last call to `method`\n        :raises: :exc:`selenium.common.exceptions.TimeoutException` if timeout occurs\n        &amp;quot;&amp;quot;&amp;quot;\n        screen = None\n        stacktrace = None\n    \n        end_time = time.monotonic() + self._timeout\n        while True:\n            try:\n                value = method(self._driver)\n                if value:\n                    return value\n            except self._ignored_exceptions as exc:\n                screen = getattr(exc, &amp;quot;screen&amp;quot;, None)\n                stacktrace = getattr(exc, &amp;quot;stacktrace&amp;quot;, None)\n            time.sleep(self._poll)\n            if time.monotonic() &amp;gt; end_time:\n                break\n&amp;gt;       raise TimeoutException(message, screen, stacktrace)\nE       selenium.common.exceptions.TimeoutException: Message: \nE       Stacktrace:\nE       \tGetHandleVerifier [0x00D58923+23283]\nE       \t(No symbol) [0x00D1E934]\nE       \t(No symbol) [0x00C50733]\nE       \t(No symbol) [0x00C9326F]\nE       \t(No symbol) [0x00C934AB]\nE       \t(No symbol) [0x00CCEE42]\nE       \t(No symbol) [0x00CB4464]\nE       \t(No symbol) [0x00CCCB8D]\nE       \t(No symbol) [0x00CB41B6]\nE       \t(No symbol) [0x00C88017]\nE       \t(No symbol) [0x00C8890D]\nE       \tGetHandleVerifier [0x00E4A5E3+1013683]\nE       \tGetHandleVerifier [0x00E53E3C+1052684]\nE       \tGetHandleVerifier [0x00E4D4A4+1025652]\nE       \tGetHandleVerifier [0x00D7EA2B+179195]\nE       \t(No symbol) [0x00D26833]\nE       \t(No symbol) [0x00D23198]\nE       \t(No symbol) [0x00D23337]\nE       \t(No symbol) [0x00D1B4BE]\nE       \tBaseThreadInitThunk [0x75047BA9+25]\nE       \tRtlInitializeExceptionChain [0x772CC10B+107]\nE       \tRtlClearBits [0x772CC08F+191]\n\n..\\..\\.venv\\Lib\\site-packages\\selenium\\webdriver\\support\\wait.py:105: TimeoutException\n&#34;}], &#34;myInfo/test_myInfo.py::TestMyInfo::test_change_profile_picture&#34;: [{&#34;extras&#34;: [], &#34;result&#34;: &#34;Failed&#34;, &#34;testId&#34;: &#34;myInfo/test_myInfo.py::TestMyInfo::test_change_profile_picture&#34;, &#34;duration&#34;: &#34;00:00:10&#34;, &#34;resultsTableRow&#34;: [&#34;&lt;td class=\&#34;col-result\&#34;&gt;Failed&lt;/td&gt;&#34;, &#34;&lt;td class=\&#34;col-testId\&#34;&gt;myInfo/test_myInfo.py::TestMyInfo::test_change_profile_picture&lt;/td&gt;&#34;, &#34;&lt;td class=\&#34;col-duration\&#34;&gt;00:00:10&lt;/td&gt;&#34;, &#34;&lt;td class=\&#34;col-links\&#34;&gt;&lt;/td&gt;&#34;], &#34;log&#34;: &#34;self = &amp;lt;test_myInfo.TestMyInfo object at 0x00000280A490FC50&amp;gt;\n\n    def test_change_profile_picture(self):\n        driver = self.driver\n        wait = WebDriverWait(driver, 10)\n    \n&amp;gt;       self.login_as_admin()\n\nmyInfo\\test_myInfo.py:75: \n_ _ _ _ _ _ _ _ _ _ _ _ _ _ _ _ _ _ _ _ _ _ _ _ _ _ _ _ _ _ _ _ _ _ _ _ _ _ _ _ _ _ _ _ _ _ _ _ _ _ _ _ _ _ _ _ _ _ _ _ _ _ _ _ _ _ _ _ _ _ _ _ _ _ _ _ _ _ _\nmyInfo\\test_myInfo.py:27: in login_as_admin\n    username_field = wait.until(EC.presence_of_element_located((By.NAME, &amp;quot;username&amp;quot;)))\n_ _ _ _ _ _ _ _ _ _ _ _ _ _ _ _ _ _ _ _ _ _ _ _ _ _ _ _ _ _ _ _ _ _ _ _ _ _ _ _ _ _ _ _ _ _ _ _ _ _ _ _ _ _ _ _ _ _ _ _ _ _ _ _ _ _ _ _ _ _ _ _ _ _ _ _ _ _ _\n\nself = &amp;lt;selenium.webdriver.support.wait.WebDriverWait (session=&amp;quot;dc2434d89993686c2134e43fc826afa8&amp;quot;)&amp;gt;\nmethod = &amp;lt;function presence_of_element_located.&amp;lt;locals&amp;gt;._predicate at 0x00000280A49B3600&amp;gt;, message = &amp;#x27;&amp;#x27;\n\n    def until(self, method: Callable[[D], Union[Literal[False], T]], message: str = &amp;quot;&amp;quot;) -&amp;gt; T:\n        &amp;quot;&amp;quot;&amp;quot;Calls the method provided with the driver as an argument until the \\\n        return value does not evaluate to ``False``.\n    \n        :param method: callable(WebDriver)\n        :param message: optional message for :exc:`TimeoutException`\n        :returns: the result of the last call to `method`\n        :raises: :exc:`selenium.common.exceptions.TimeoutException` if timeout occurs\n        &amp;quot;&amp;quot;&amp;quot;\n        screen = None\n        stacktrace = None\n    \n        end_time = time.monotonic() + self._timeout\n        while True:\n            try:\n                value = method(self._driver)\n                if value:\n                    return value\n            except self._ignored_exceptions as exc:\n                screen = getattr(exc, &amp;quot;screen&amp;quot;, None)\n                stacktrace = getattr(exc, &amp;quot;stacktrace&amp;quot;, None)\n            time.sleep(self._poll)\n            if time.monotonic() &amp;gt; end_time:\n                break\n&amp;gt;       raise TimeoutException(message, screen, stacktrace)\nE       selenium.common.exceptions.TimeoutException: Message: \nE       Stacktrace:\nE       \tGetHandleVerifier [0x00D58923+23283]\nE       \t(No symbol) [0x00D1E934]\nE       \t(No symbol) [0x00C50733]\nE       \t(No symbol) [0x00C9326F]\nE       \t(No symbol) [0x00C934AB]\nE       \t(No symbol) [0x00CCEE42]\nE       \t(No symbol) [0x00CB4464]\nE       \t(No symbol) [0x00CCCB8D]\nE       \t(No symbol) [0x00CB41B6]\nE       \t(No symbol) [0x00C88017]\nE       \t(No symbol) [0x00C8890D]\nE       \tGetHandleVerifier [0x00E4A5E3+1013683]\nE       \tGetHandleVerifier [0x00E53E3C+1052684]\nE       \tGetHandleVerifier [0x00E4D4A4+1025652]\nE       \tGetHandleVerifier [0x00D7EA2B+179195]\nE       \t(No symbol) [0x00D26833]\nE       \t(No symbol) [0x00D23198]\nE       \t(No symbol) [0x00D23337]\nE       \t(No symbol) [0x00D1B4BE]\nE       \tBaseThreadInitThunk [0x75047BA9+25]\nE       \tRtlInitializeExceptionChain [0x772CC10B+107]\nE       \tRtlClearBits [0x772CC08F+191]\n\n..\\..\\.venv\\Lib\\site-packages\\selenium\\webdriver\\support\\wait.py:105: TimeoutException\n&#34;}], &#34;myInfo/test_myInfo.py::TestMyInfo::test_view_personal_information&#34;: [{&#34;extras&#34;: [], &#34;result&#34;: &#34;Failed&#34;, &#34;testId&#34;: &#34;myInfo/test_myInfo.py::TestMyInfo::test_view_personal_information&#34;, &#34;duration&#34;: &#34;00:00:13&#34;, &#34;resultsTableRow&#34;: [&#34;&lt;td class=\&#34;col-result\&#34;&gt;Failed&lt;/td&gt;&#34;, &#34;&lt;td class=\&#34;col-testId\&#34;&gt;myInfo/test_myInfo.py::TestMyInfo::test_view_personal_information&lt;/td&gt;&#34;, &#34;&lt;td class=\&#34;col-duration\&#34;&gt;00:00:13&lt;/td&gt;&#34;, &#34;&lt;td class=\&#34;col-links\&#34;&gt;&lt;/td&gt;&#34;], &#34;log&#34;: &#34;self = &amp;lt;test_myInfo.TestMyInfo object at 0x00000280A490FE00&amp;gt;\n\n    def test_view_personal_information(self):\n        driver = self.driver\n        wait = WebDriverWait(driver, 10)\n    \n&amp;gt;       self.login_as_admin()\n\nmyInfo\\test_myInfo.py:107: \n_ _ _ _ _ _ _ _ _ _ _ _ _ _ _ _ _ _ _ _ _ _ _ _ _ _ _ _ _ _ _ _ _ _ _ _ _ _ _ _ _ _ _ _ _ _ _ _ _ _ _ _ _ _ _ _ _ _ _ _ _ _ _ _ _ _ _ _ _ _ _ _ _ _ _ _ _ _ _\nmyInfo\\test_myInfo.py:27: in login_as_admin\n    username_field = wait.until(EC.presence_of_element_located((By.NAME, &amp;quot;username&amp;quot;)))\n_ _ _ _ _ _ _ _ _ _ _ _ _ _ _ _ _ _ _ _ _ _ _ _ _ _ _ _ _ _ _ _ _ _ _ _ _ _ _ _ _ _ _ _ _ _ _ _ _ _ _ _ _ _ _ _ _ _ _ _ _ _ _ _ _ _ _ _ _ _ _ _ _ _ _ _ _ _ _\n\nself = &amp;lt;selenium.webdriver.support.wait.WebDriverWait (session=&amp;quot;dc2434d89993686c2134e43fc826afa8&amp;quot;)&amp;gt;\nmethod = &amp;lt;function presence_of_element_located.&amp;lt;locals&amp;gt;._predicate at 0x00000280A49B3E20&amp;gt;, message = &amp;#x27;&amp;#x27;\n\n    def until(self, method: Callable[[D], Union[Literal[False], T]], message: str = &amp;quot;&amp;quot;) -&amp;gt; T:\n        &amp;quot;&amp;quot;&amp;quot;Calls the method provided with the driver as an argument until the \\\n        return value does not evaluate to ``False``.\n    \n        :param method: callable(WebDriver)\n        :param message: optional message for :exc:`TimeoutException`\n        :returns: the result of the last call to `method`\n        :raises: :exc:`selenium.common.exceptions.TimeoutException` if timeout occurs\n        &amp;quot;&amp;quot;&amp;quot;\n        screen = None\n        stacktrace = None\n    \n        end_time = time.monotonic() + self._timeout\n        while True:\n            try:\n                value = method(self._driver)\n                if value:\n                    return value\n            except self._ignored_exceptions as exc:\n                screen = getattr(exc, &amp;quot;screen&amp;quot;, None)\n                stacktrace = getattr(exc, &amp;quot;stacktrace&amp;quot;, None)\n            time.sleep(self._poll)\n            if time.monotonic() &amp;gt; end_time:\n                break\n&amp;gt;       raise TimeoutException(message, screen, stacktrace)\nE       selenium.common.exceptions.TimeoutException: Message: \nE       Stacktrace:\nE       \tGetHandleVerifier [0x00D58923+23283]\nE       \t(No symbol) [0x00D1E934]\nE       \t(No symbol) [0x00C50733]\nE       \t(No symbol) [0x00C9326F]\nE       \t(No symbol) [0x00C934AB]\nE       \t(No symbol) [0x00CCEE42]\nE       \t(No symbol) [0x00CB4464]\nE       \t(No symbol) [0x00CCCB8D]\nE       \t(No symbol) [0x00CB41B6]\nE       \t(No symbol) [0x00C88017]\nE       \t(No symbol) [0x00C8890D]\nE       \tGetHandleVerifier [0x00E4A5E3+1013683]\nE       \tGetHandleVerifier [0x00E53E3C+1052684]\nE       \tGetHandleVerifier [0x00E4D4A4+1025652]\nE       \tGetHandleVerifier [0x00D7EA2B+179195]\nE       \t(No symbol) [0x00D26833]\nE       \t(No symbol) [0x00D23198]\nE       \t(No symbol) [0x00D23337]\nE       \t(No symbol) [0x00D1B4BE]\nE       \tBaseThreadInitThunk [0x75047BA9+25]\nE       \tRtlInitializeExceptionChain [0x772CC10B+107]\nE       \tRtlClearBits [0x772CC08F+191]\n\n..\\..\\.venv\\Lib\\site-packages\\selenium\\webdriver\\support\\wait.py:105: TimeoutException\n&#34;}], &#34;performance/test_performance.py::TestPerformance::test_add_kpi_success&#34;: [{&#34;extras&#34;: [], &#34;result&#34;: &#34;Failed&#34;, &#34;testId&#34;: &#34;performance/test_performance.py::TestPerformance::test_add_kpi_success&#34;, &#34;duration&#34;: &#34;00:00:41&#34;, &#34;resultsTableRow&#34;: [&#34;&lt;td class=\&#34;col-result\&#34;&gt;Failed&lt;/td&gt;&#34;, &#34;&lt;td class=\&#34;col-testId\&#34;&gt;performance/test_performance.py::TestPerformance::test_add_kpi_success&lt;/td&gt;&#34;, &#34;&lt;td class=\&#34;col-duration\&#34;&gt;00:00:41&lt;/td&gt;&#34;, &#34;&lt;td class=\&#34;col-links\&#34;&gt;&lt;/td&gt;&#34;], &#34;log&#34;: &#34;self = &amp;lt;test_performance.TestPerformance object at 0x00000280A4960590&amp;gt;\n\n    def test_add_kpi_success(self):\n        driver = self.driver\n        wait = WebDriverWait(driver, 10)\n    \n        # Navigate to Performance &amp;gt; KPIs\n        performance_menu = wait.until(EC.element_to_be_clickable((By.XPATH, &amp;quot;//span[text()=&amp;#x27;Performance&amp;#x27;]&amp;quot;)))\n        performance_menu.click()\n    \n&amp;gt;       configure_menu = wait.until(EC.element_to_be_clickable((By.XPATH, &amp;quot;//a[text()=&amp;#x27;Configure&amp;#x27;]&amp;quot;)))\n\nperformance\\test_performance.py:37: \n_ _ _ _ _ _ _ _ _ _ _ _ _ _ _ _ _ _ _ _ _ _ _ _ _ _ _ _ _ _ _ _ _ _ _ _ _ _ _ _ _ _ _ _ _ _ _ _ _ _ _ _ _ _ _ _ _ _ _ _ _ _ _ _ _ _ _ _ _ _ _ _ _ _ _ _ _ _ _\n\nself = &amp;lt;selenium.webdriver.support.wait.WebDriverWait (session=&amp;quot;a5ff143211d8e67e69bda29157ed0083&amp;quot;)&amp;gt;\nmethod = &amp;lt;function element_to_be_clickable.&amp;lt;locals&amp;gt;._predicate at 0x00000280A49B0720&amp;gt;, message = &amp;#x27;&amp;#x27;\n\n    def until(self, method: Callable[[D], Union[Literal[False], T]], message: str = &amp;quot;&amp;quot;) -&amp;gt; T:\n        &amp;quot;&amp;quot;&amp;quot;Calls the method provided with the driver as an argument until the \\\n        return value does not evaluate to ``False``.\n    \n        :param method: callable(WebDriver)\n        :param message: optional message for :exc:`TimeoutException`\n        :returns: the result of the last call to `method`\n        :raises: :exc:`selenium.common.exceptions.TimeoutException` if timeout occurs\n        &amp;quot;&amp;quot;&amp;quot;\n        screen = None\n        stacktrace = None\n    \n        end_time = time.monotonic() + self._timeout\n        while True:\n            try:\n                value = method(self._driver)\n                if value:\n                    return value\n            except self._ignored_exceptions as exc:\n                screen = getattr(exc, &amp;quot;screen&amp;quot;, None)\n                stacktrace = getattr(exc, &amp;quot;stacktrace&amp;quot;, None)\n            time.sleep(self._poll)\n            if time.monotonic() &amp;gt; end_time:\n                break\n&amp;gt;       raise TimeoutException(message, screen, stacktrace)\nE       selenium.common.exceptions.TimeoutException: Message: \nE       Stacktrace:\nE       \tGetHandleVerifier [0x00D58923+23283]\nE       \t(No symbol) [0x00D1E934]\nE       \t(No symbol) [0x00C50733]\nE       \t(No symbol) [0x00C9326F]\nE       \t(No symbol) [0x00C934AB]\nE       \t(No symbol) [0x00CCEE42]\nE       \t(No symbol) [0x00CB4464]\nE       \t(No symbol) [0x00CCCB8D]\nE       \t(No symbol) [0x00CB41B6]\nE       \t(No symbol) [0x00C88017]\nE       \t(No symbol) [0x00C8890D]\nE       \tGetHandleVerifier [0x00E4A5E3+1013683]\nE       \tGetHandleVerifier [0x00E53E3C+1052684]\nE       \tGetHandleVerifier [0x00E4D4A4+1025652]\nE       \tGetHandleVerifier [0x00D7EA2B+179195]\nE       \t(No symbol) [0x00D26833]\nE       \t(No symbol) [0x00D23198]\nE       \t(No symbol) [0x00D23337]\nE       \t(No symbol) [0x00D1B4BE]\nE       \tBaseThreadInitThunk [0x75047BA9+25]\nE       \tRtlInitializeExceptionChain [0x772CC10B+107]\nE       \tRtlClearBits [0x772CC08F+191]\n\n..\\..\\.venv\\Lib\\site-packages\\selenium\\webdriver\\support\\wait.py:105: TimeoutException\n&#34;}], &#34;performance/test_performance.py::TestPerformance::test_verify_kpi_added&#34;: [{&#34;extras&#34;: [], &#34;result&#34;: &#34;Failed&#34;, &#34;testId&#34;: &#34;performance/test_performance.py::TestPerformance::test_verify_kpi_added&#34;, &#34;duration&#34;: &#34;00:00:13&#34;, &#34;resultsTableRow&#34;: [&#34;&lt;td class=\&#34;col-result\&#34;&gt;Failed&lt;/td&gt;&#34;, &#34;&lt;td class=\&#34;col-testId\&#34;&gt;performance/test_performance.py::TestPerformance::test_verify_kpi_added&lt;/td&gt;&#34;, &#34;&lt;td class=\&#34;col-duration\&#34;&gt;00:00:13&lt;/td&gt;&#34;, &#34;&lt;td class=\&#34;col-links\&#34;&gt;&lt;/td&gt;&#34;], &#34;log&#34;: &#34;self = &amp;lt;test_performance.TestPerformance object at 0x00000280A4960110&amp;gt;\n\n    def test_verify_kpi_added(self):\n        driver = self.driver\n        wait = WebDriverWait(driver, 10)\n    \n        # Verify that the KPI was added successfully\n&amp;gt;       kpi_list = wait.until(EC.presence_of_element_located((By.XPATH, &amp;quot;//div[@class=&amp;#x27;oxd-table-card&amp;#x27;]/div[1]/div[2]&amp;quot;)))\n\nperformance\\test_performance.py:75: \n_ _ _ _ _ _ _ _ _ _ _ _ _ _ _ _ _ _ _ _ _ _ _ _ _ _ _ _ _ _ _ _ _ _ _ _ _ _ _ _ _ _ _ _ _ _ _ _ _ _ _ _ _ _ _ _ _ _ _ _ _ _ _ _ _ _ _ _ _ _ _ _ _ _ _ _ _ _ _\n\nself = &amp;lt;selenium.webdriver.support.wait.WebDriverWait (session=&amp;quot;a5ff143211d8e67e69bda29157ed0083&amp;quot;)&amp;gt;\nmethod = &amp;lt;function presence_of_element_located.&amp;lt;locals&amp;gt;._predicate at 0x00000280A4A48540&amp;gt;, message = &amp;#x27;&amp;#x27;\n\n    def until(self, method: Callable[[D], Union[Literal[False], T]], message: str = &amp;quot;&amp;quot;) -&amp;gt; T:\n        &amp;quot;&amp;quot;&amp;quot;Calls the method provided with the driver as an argument until the \\\n        return value does not evaluate to ``False``.\n    \n        :param method: callable(WebDriver)\n        :param message: optional message for :exc:`TimeoutException`\n        :returns: the result of the last call to `method`\n        :raises: :exc:`selenium.common.exceptions.TimeoutException` if timeout occurs\n        &amp;quot;&amp;quot;&amp;quot;\n        screen = None\n        stacktrace = None\n    \n        end_time = time.monotonic() + self._timeout\n        while True:\n            try:\n                value = method(self._driver)\n                if value:\n                    return value\n            except self._ignored_exceptions as exc:\n                screen = getattr(exc, &amp;quot;screen&amp;quot;, None)\n                stacktrace = getattr(exc, &amp;quot;stacktrace&amp;quot;, None)\n            time.sleep(self._poll)\n            if time.monotonic() &amp;gt; end_time:\n                break\n&amp;gt;       raise TimeoutException(message, screen, stacktrace)\nE       selenium.common.exceptions.TimeoutException: Message: \nE       Stacktrace:\nE       \tGetHandleVerifier [0x00D58923+23283]\nE       \t(No symbol) [0x00D1E934]\nE       \t(No symbol) [0x00C50733]\nE       \t(No symbol) [0x00C9326F]\nE       \t(No symbol) [0x00C934AB]\nE       \t(No symbol) [0x00CCEE42]\nE       \t(No symbol) [0x00CB4464]\nE       \t(No symbol) [0x00CCCB8D]\nE       \t(No symbol) [0x00CB41B6]\nE       \t(No symbol) [0x00C88017]\nE       \t(No symbol) [0x00C8890D]\nE       \tGetHandleVerifier [0x00E4A5E3+1013683]\nE       \tGetHandleVerifier [0x00E53E3C+1052684]\nE       \tGetHandleVerifier [0x00E4D4A4+1025652]\nE       \tGetHandleVerifier [0x00D7EA2B+179195]\nE       \t(No symbol) [0x00D26833]\nE       \t(No symbol) [0x00D23198]\nE       \t(No symbol) [0x00D23337]\nE       \t(No symbol) [0x00D1B4BE]\nE       \tBaseThreadInitThunk [0x75047BA9+25]\nE       \tRtlInitializeExceptionChain [0x772CC10B+107]\nE       \tRtlClearBits [0x772CC08F+191]\n\n..\\..\\.venv\\Lib\\site-packages\\selenium\\webdriver\\support\\wait.py:105: TimeoutException\n&#34;}], &#34;dashboard/test_dashboard.py::TestDashboard::test_dashboard_elements&#34;: [{&#34;extras&#34;: [], &#34;result&#34;: &#34;Failed&#34;, &#34;testId&#34;: &#34;dashboard/test_dashboard.py::TestDashboard::test_dashboard_elements&#34;, &#34;duration&#34;: &#34;00:00:46&#34;, &#34;resultsTableRow&#34;: [&#34;&lt;td class=\&#34;col-result\&#34;&gt;Failed&lt;/td&gt;&#34;, &#34;&lt;td class=\&#34;col-testId\&#34;&gt;dashboard/test_dashboard.py::TestDashboard::test_dashboard_elements&lt;/td&gt;&#34;, &#34;&lt;td class=\&#34;col-duration\&#34;&gt;00:00:46&lt;/td&gt;&#34;, &#34;&lt;td class=\&#34;col-links\&#34;&gt;&lt;/td&gt;&#34;], &#34;log&#34;: &#34;self = &amp;lt;test_dashboard.TestDashboard object at 0x00000280A49605F0&amp;gt;\n\n    def test_dashboard_elements(self):\n        driver = self.driver\n        wait = WebDriverWait(driver, 10)\n    \n        self.login_as_admin()\n    \n        # Verify the presence of dashboard widgets\n&amp;gt;       widget1 = wait.until(EC.presence_of_element_located((By.ID, &amp;quot;widget1_id&amp;quot;)))\n\ndashboard\\test_dashboard.py:49: \n_ _ _ _ _ _ _ _ _ _ _ _ _ _ _ _ _ _ _ _ _ _ _ _ _ _ _ _ _ _ _ _ _ _ _ _ _ _ _ _ _ _ _ _ _ _ _ _ _ _ _ _ _ _ _ _ _ _ _ _ _ _ _ _ _ _ _ _ _ _ _ _ _ _ _ _ _ _ _\n\nself = &amp;lt;selenium.webdriver.support.wait.WebDriverWait (session=&amp;quot;6faf7954d438ce9da093fc3f00e06dce&amp;quot;)&amp;gt;\nmethod = &amp;lt;function presence_of_element_located.&amp;lt;locals&amp;gt;._predicate at 0x00000280A4A487C0&amp;gt;, message = &amp;#x27;&amp;#x27;\n\n    def until(self, method: Callable[[D], Union[Literal[False], T]], message: str = &amp;quot;&amp;quot;) -&amp;gt; T:\n        &amp;quot;&amp;quot;&amp;quot;Calls the method provided with the driver as an argument until the \\\n        return value does not evaluate to ``False``.\n    \n        :param method: callable(WebDriver)\n        :param message: optional message for :exc:`TimeoutException`\n        :returns: the result of the last call to `method`\n        :raises: :exc:`selenium.common.exceptions.TimeoutException` if timeout occurs\n        &amp;quot;&amp;quot;&amp;quot;\n        screen = None\n        stacktrace = None\n    \n        end_time = time.monotonic() + self._timeout\n        while True:\n            try:\n                value = method(self._driver)\n                if value:\n                    return value\n            except self._ignored_exceptions as exc:\n                screen = getattr(exc, &amp;quot;screen&amp;quot;, None)\n                stacktrace = getattr(exc, &amp;quot;stacktrace&amp;quot;, None)\n            time.sleep(self._poll)\n            if time.monotonic() &amp;gt; end_time:\n                break\n&amp;gt;       raise TimeoutException(message, screen, stacktrace)\nE       selenium.common.exceptions.TimeoutException: Message: \nE       Stacktrace:\nE       \tGetHandleVerifier [0x00D58923+23283]\nE       \t(No symbol) [0x00D1E934]\nE       \t(No symbol) [0x00C50733]\nE       \t(No symbol) [0x00C9326F]\nE       \t(No symbol) [0x00C934AB]\nE       \t(No symbol) [0x00CCEE42]\nE       \t(No symbol) [0x00CB4464]\nE       \t(No symbol) [0x00CCCB8D]\nE       \t(No symbol) [0x00CB41B6]\nE       \t(No symbol) [0x00C88017]\nE       \t(No symbol) [0x00C8890D]\nE       \tGetHandleVerifier [0x00E4A5E3+1013683]\nE       \tGetHandleVerifier [0x00E53E3C+1052684]\nE       \tGetHandleVerifier [0x00E4D4A4+1025652]\nE       \tGetHandleVerifier [0x00D7EA2B+179195]\nE       \t(No symbol) [0x00D26833]\nE       \t(No symbol) [0x00D23198]\nE       \t(No symbol) [0x00D23337]\nE       \t(No symbol) [0x00D1B4BE]\nE       \tBaseThreadInitThunk [0x75047BA9+25]\nE       \tRtlInitializeExceptionChain [0x772CC10B+107]\nE       \tRtlClearBits [0x772CC08F+191]\n\n..\\..\\.venv\\Lib\\site-packages\\selenium\\webdriver\\support\\wait.py:105: TimeoutException\n&#34;}], &#34;dashboard/test_dashboard.py::TestDashboard::test_dashboard_statistics&#34;: [{&#34;extras&#34;: [], &#34;result&#34;: &#34;Failed&#34;, &#34;testId&#34;: &#34;dashboard/test_dashboard.py::TestDashboard::test_dashboard_statistics&#34;, &#34;duration&#34;: &#34;00:00:10&#34;, &#34;resultsTableRow&#34;: [&#34;&lt;td class=\&#34;col-result\&#34;&gt;Failed&lt;/td&gt;&#34;, &#34;&lt;td class=\&#34;col-testId\&#34;&gt;dashboard/test_dashboard.py::TestDashboard::test_dashboard_statistics&lt;/td&gt;&#34;, &#34;&lt;td class=\&#34;col-duration\&#34;&gt;00:00:10&lt;/td&gt;&#34;, &#34;&lt;td class=\&#34;col-links\&#34;&gt;&lt;/td&gt;&#34;], &#34;log&#34;: &#34;self = &amp;lt;test_dashboard.TestDashboard object at 0x00000280A49612E0&amp;gt;\n\n    def test_dashboard_statistics(self):\n        driver = self.driver\n        wait = WebDriverWait(driver, 10)\n    \n&amp;gt;       self.login_as_admin()\n\ndashboard\\test_dashboard.py:61: \n_ _ _ _ _ _ _ _ _ _ _ _ _ _ _ _ _ _ _ _ _ _ _ _ _ _ _ _ _ _ _ _ _ _ _ _ _ _ _ _ _ _ _ _ _ _ _ _ _ _ _ _ _ _ _ _ _ _ _ _ _ _ _ _ _ _ _ _ _ _ _ _ _ _ _ _ _ _ _\ndashboard\\test_dashboard.py:27: in login_as_admin\n    username_field = wait.until(EC.presence_of_element_located((By.NAME, &amp;quot;username&amp;quot;)))\n_ _ _ _ _ _ _ _ _ _ _ _ _ _ _ _ _ _ _ _ _ _ _ _ _ _ _ _ _ _ _ _ _ _ _ _ _ _ _ _ _ _ _ _ _ _ _ _ _ _ _ _ _ _ _ _ _ _ _ _ _ _ _ _ _ _ _ _ _ _ _ _ _ _ _ _ _ _ _\n\nself = &amp;lt;selenium.webdriver.support.wait.WebDriverWait (session=&amp;quot;6faf7954d438ce9da093fc3f00e06dce&amp;quot;)&amp;gt;\nmethod = &amp;lt;function presence_of_element_located.&amp;lt;locals&amp;gt;._predicate at 0x00000280A4A48C20&amp;gt;, message = &amp;#x27;&amp;#x27;\n\n    def until(self, method: Callable[[D], Union[Literal[False], T]], message: str = &amp;quot;&amp;quot;) -&amp;gt; T:\n        &amp;quot;&amp;quot;&amp;quot;Calls the method provided with the driver as an argument until the \\\n        return value does not evaluate to ``False``.\n    \n        :param method: callable(WebDriver)\n        :param message: optional message for :exc:`TimeoutException`\n        :returns: the result of the last call to `method`\n        :raises: :exc:`selenium.common.exceptions.TimeoutException` if timeout occurs\n        &amp;quot;&amp;quot;&amp;quot;\n        screen = None\n        stacktrace = None\n    \n        end_time = time.monotonic() + self._timeout\n        while True:\n            try:\n                value = method(self._driver)\n                if value:\n                    return value\n            except self._ignored_exceptions as exc:\n                screen = getattr(exc, &amp;quot;screen&amp;quot;, None)\n                stacktrace = getattr(exc, &amp;quot;stacktrace&amp;quot;, None)\n            time.sleep(self._poll)\n            if time.monotonic() &amp;gt; end_time:\n                break\n&amp;gt;       raise TimeoutException(message, screen, stacktrace)\nE       selenium.common.exceptions.TimeoutException: Message: \nE       Stacktrace:\nE       \tGetHandleVerifier [0x00D58923+23283]\nE       \t(No symbol) [0x00D1E934]\nE       \t(No symbol) [0x00C50733]\nE       \t(No symbol) [0x00C9326F]\nE       \t(No symbol) [0x00C934AB]\nE       \t(No symbol) [0x00CCEE42]\nE       \t(No symbol) [0x00CB4464]\nE       \t(No symbol) [0x00CCCB8D]\nE       \t(No symbol) [0x00CB41B6]\nE       \t(No symbol) [0x00C88017]\nE       \t(No symbol) [0x00C8890D]\nE       \tGetHandleVerifier [0x00E4A5E3+1013683]\nE       \tGetHandleVerifier [0x00E53E3C+1052684]\nE       \tGetHandleVerifier [0x00E4D4A4+1025652]\nE       \tGetHandleVerifier [0x00D7EA2B+179195]\nE       \t(No symbol) [0x00D26833]\nE       \t(No symbol) [0x00D23198]\nE       \t(No symbol) [0x00D23337]\nE       \t(No symbol) [0x00D1B4BE]\nE       \tBaseThreadInitThunk [0x75047BA9+25]\nE       \tRtlInitializeExceptionChain [0x772CC10B+107]\nE       \tRtlClearBits [0x772CC08F+191]\n\n..\\..\\.venv\\Lib\\site-packages\\selenium\\webdriver\\support\\wait.py:105: TimeoutException\n&#34;}], &#34;dashboard/test_dashboard.py::TestDashboard::test_dashboard_charts&#34;: [{&#34;extras&#34;: [], &#34;result&#34;: &#34;Failed&#34;, &#34;testId&#34;: &#34;dashboard/test_dashboard.py::TestDashboard::test_dashboard_charts&#34;, &#34;duration&#34;: &#34;00:00:10&#34;, &#34;resultsTableRow&#34;: [&#34;&lt;td class=\&#34;col-result\&#34;&gt;Failed&lt;/td&gt;&#34;, &#34;&lt;td class=\&#34;col-testId\&#34;&gt;dashboard/test_dashboard.py::TestDashboard::test_dashboard_charts&lt;/td&gt;&#34;, &#34;&lt;td class=\&#34;col-duration\&#34;&gt;00:00:10&lt;/td&gt;&#34;, &#34;&lt;td class=\&#34;col-links\&#34;&gt;&lt;/td&gt;&#34;], &#34;log&#34;: &#34;self = &amp;lt;test_dashboard.TestDashboard object at 0x00000280A4960080&amp;gt;\n\n    def test_dashboard_charts(self):\n        driver = self.driver\n        wait = WebDriverWait(driver, 10)\n    \n&amp;gt;       self.login_as_admin()\n\ndashboard\\test_dashboard.py:78: \n_ _ _ _ _ _ _ _ _ _ _ _ _ _ _ _ _ _ _ _ _ _ _ _ _ _ _ _ _ _ _ _ _ _ _ _ _ _ _ _ _ _ _ _ _ _ _ _ _ _ _ _ _ _ _ _ _ _ _ _ _ _ _ _ _ _ _ _ _ _ _ _ _ _ _ _ _ _ _\ndashboard\\test_dashboard.py:27: in login_as_admin\n    username_field = wait.until(EC.presence_of_element_located((By.NAME, &amp;quot;username&amp;quot;)))\n_ _ _ _ _ _ _ _ _ _ _ _ _ _ _ _ _ _ _ _ _ _ _ _ _ _ _ _ _ _ _ _ _ _ _ _ _ _ _ _ _ _ _ _ _ _ _ _ _ _ _ _ _ _ _ _ _ _ _ _ _ _ _ _ _ _ _ _ _ _ _ _ _ _ _ _ _ _ _\n\nself = &amp;lt;selenium.webdriver.support.wait.WebDriverWait (session=&amp;quot;6faf7954d438ce9da093fc3f00e06dce&amp;quot;)&amp;gt;\nmethod = &amp;lt;function presence_of_element_located.&amp;lt;locals&amp;gt;._predicate at 0x00000280A4A49080&amp;gt;, message = &amp;#x27;&amp;#x27;\n\n    def until(self, method: Callable[[D], Union[Literal[False], T]], message: str = &amp;quot;&amp;quot;) -&amp;gt; T:\n        &amp;quot;&amp;quot;&amp;quot;Calls the method provided with the driver as an argument until the \\\n        return value does not evaluate to ``False``.\n    \n        :param method: callable(WebDriver)\n        :param message: optional message for :exc:`TimeoutException`\n        :returns: the result of the last call to `method`\n        :raises: :exc:`selenium.common.exceptions.TimeoutException` if timeout occurs\n        &amp;quot;&amp;quot;&amp;quot;\n        screen = None\n        stacktrace = None\n    \n        end_time = time.monotonic() + self._timeout\n        while True:\n            try:\n                value = method(self._driver)\n                if value:\n                    return value\n            except self._ignored_exceptions as exc:\n                screen = getattr(exc, &amp;quot;screen&amp;quot;, None)\n                stacktrace = getattr(exc, &amp;quot;stacktrace&amp;quot;, None)\n            time.sleep(self._poll)\n            if time.monotonic() &amp;gt; end_time:\n                break\n&amp;gt;       raise TimeoutException(message, screen, stacktrace)\nE       selenium.common.exceptions.TimeoutException: Message: \nE       Stacktrace:\nE       \tGetHandleVerifier [0x00D58923+23283]\nE       \t(No symbol) [0x00D1E934]\nE       \t(No symbol) [0x00C50733]\nE       \t(No symbol) [0x00C9326F]\nE       \t(No symbol) [0x00C934AB]\nE       \t(No symbol) [0x00CCEE42]\nE       \t(No symbol) [0x00CB4464]\nE       \t(No symbol) [0x00CCCB8D]\nE       \t(No symbol) [0x00CB41B6]\nE       \t(No symbol) [0x00C88017]\nE       \t(No symbol) [0x00C8890D]\nE       \tGetHandleVerifier [0x00E4A5E3+1013683]\nE       \tGetHandleVerifier [0x00E53E3C+1052684]\nE       \tGetHandleVerifier [0x00E4D4A4+1025652]\nE       \tGetHandleVerifier [0x00D7EA2B+179195]\nE       \t(No symbol) [0x00D26833]\nE       \t(No symbol) [0x00D23198]\nE       \t(No symbol) [0x00D23337]\nE       \t(No symbol) [0x00D1B4BE]\nE       \tBaseThreadInitThunk [0x75047BA9+25]\nE       \tRtlInitializeExceptionChain [0x772CC10B+107]\nE       \tRtlClearBits [0x772CC08F+191]\n\n..\\..\\.venv\\Lib\\site-packages\\selenium\\webdriver\\support\\wait.py:105: TimeoutException\n&#34;}], &#34;dashboard/test_dashboard.py::TestDashboard::test_interact_with_widgets&#34;: [{&#34;extras&#34;: [], &#34;result&#34;: &#34;Failed&#34;, &#34;testId&#34;: &#34;dashboard/test_dashboard.py::TestDashboard::test_interact_with_widgets&#34;, &#34;duration&#34;: &#34;00:00:13&#34;, &#34;resultsTableRow&#34;: [&#34;&lt;td class=\&#34;col-result\&#34;&gt;Failed&lt;/td&gt;&#34;, &#34;&lt;td class=\&#34;col-testId\&#34;&gt;dashboard/test_dashboard.py::TestDashboard::test_interact_with_widgets&lt;/td&gt;&#34;, &#34;&lt;td class=\&#34;col-duration\&#34;&gt;00:00:13&lt;/td&gt;&#34;, &#34;&lt;td class=\&#34;col-links\&#34;&gt;&lt;/td&gt;&#34;], &#34;log&#34;: &#34;self = &amp;lt;test_dashboard.TestDashboard object at 0x00000280A4960B00&amp;gt;\n\n    def test_interact_with_widgets(self):\n        driver = self.driver\n        wait = WebDriverWait(driver, 10)\n    \n&amp;gt;       self.login_as_admin()\n\ndashboard\\test_dashboard.py:91: \n_ _ _ _ _ _ _ _ _ _ _ _ _ _ _ _ _ _ _ _ _ _ _ _ _ _ _ _ _ _ _ _ _ _ _ _ _ _ _ _ _ _ _ _ _ _ _ _ _ _ _ _ _ _ _ _ _ _ _ _ _ _ _ _ _ _ _ _ _ _ _ _ _ _ _ _ _ _ _\ndashboard\\test_dashboard.py:27: in login_as_admin\n    username_field = wait.until(EC.presence_of_element_located((By.NAME, &amp;quot;username&amp;quot;)))\n_ _ _ _ _ _ _ _ _ _ _ _ _ _ _ _ _ _ _ _ _ _ _ _ _ _ _ _ _ _ _ _ _ _ _ _ _ _ _ _ _ _ _ _ _ _ _ _ _ _ _ _ _ _ _ _ _ _ _ _ _ _ _ _ _ _ _ _ _ _ _ _ _ _ _ _ _ _ _\n\nself = &amp;lt;selenium.webdriver.support.wait.WebDriverWait (session=&amp;quot;6faf7954d438ce9da093fc3f00e06dce&amp;quot;)&amp;gt;\nmethod = &amp;lt;function presence_of_element_located.&amp;lt;locals&amp;gt;._predicate at 0x00000280A4A48900&amp;gt;, message = &amp;#x27;&amp;#x27;\n\n    def until(self, method: Callable[[D], Union[Literal[False], T]], message: str = &amp;quot;&amp;quot;) -&amp;gt; T:\n        &amp;quot;&amp;quot;&amp;quot;Calls the method provided with the driver as an argument until the \\\n        return value does not evaluate to ``False``.\n    \n        :param method: callable(WebDriver)\n        :param message: optional message for :exc:`TimeoutException`\n        :returns: the result of the last call to `method`\n        :raises: :exc:`selenium.common.exceptions.TimeoutException` if timeout occurs\n        &amp;quot;&amp;quot;&amp;quot;\n        screen = None\n        stacktrace = None\n    \n        end_time = time.monotonic() + self._timeout\n        while True:\n            try:\n                value = method(self._driver)\n                if value:\n                    return value\n            except self._ignored_exceptions as exc:\n                screen = getattr(exc, &amp;quot;screen&amp;quot;, None)\n                stacktrace = getattr(exc, &amp;quot;stacktrace&amp;quot;, None)\n            time.sleep(self._poll)\n            if time.monotonic() &amp;gt; end_time:\n                break\n&amp;gt;       raise TimeoutException(message, screen, stacktrace)\nE       selenium.common.exceptions.TimeoutException: Message: \nE       Stacktrace:\nE       \tGetHandleVerifier [0x00D58923+23283]\nE       \t(No symbol) [0x00D1E934]\nE       \t(No symbol) [0x00C50733]\nE       \t(No symbol) [0x00C9326F]\nE       \t(No symbol) [0x00C934AB]\nE       \t(No symbol) [0x00CCEE42]\nE       \t(No symbol) [0x00CB4464]\nE       \t(No symbol) [0x00CCCB8D]\nE       \t(No symbol) [0x00CB41B6]\nE       \t(No symbol) [0x00C88017]\nE       \t(No symbol) [0x00C8890D]\nE       \tGetHandleVerifier [0x00E4A5E3+1013683]\nE       \tGetHandleVerifier [0x00E53E3C+1052684]\nE       \tGetHandleVerifier [0x00E4D4A4+1025652]\nE       \tGetHandleVerifier [0x00D7EA2B+179195]\nE       \t(No symbol) [0x00D26833]\nE       \t(No symbol) [0x00D23198]\nE       \t(No symbol) [0x00D23337]\nE       \t(No symbol) [0x00D1B4BE]\nE       \tBaseThreadInitThunk [0x75047BA9+25]\nE       \tRtlInitializeExceptionChain [0x772CC10B+107]\nE       \tRtlClearBits [0x772CC08F+191]\n\n..\\..\\.venv\\Lib\\site-packages\\selenium\\webdriver\\support\\wait.py:105: TimeoutException\n&#34;}], &#34;directory/test_directory.py::TestDirectory::test_search_employee&#34;: [{&#34;extras&#34;: [], &#34;result&#34;: &#34;Failed&#34;, &#34;testId&#34;: &#34;directory/test_directory.py::TestDirectory::test_search_employee&#34;, &#34;duration&#34;: &#34;00:00:32&#34;, &#34;resultsTableRow&#34;: [&#34;&lt;td class=\&#34;col-result\&#34;&gt;Failed&lt;/td&gt;&#34;, &#34;&lt;td class=\&#34;col-testId\&#34;&gt;directory/test_directory.py::TestDirectory::test_search_employee&lt;/td&gt;&#34;, &#34;&lt;td class=\&#34;col-duration\&#34;&gt;00:00:32&lt;/td&gt;&#34;, &#34;&lt;td class=\&#34;col-links\&#34;&gt;&lt;/td&gt;&#34;], &#34;log&#34;: &#34;self = &amp;lt;test_directory.TestDirectory object at 0x00000280A4963B90&amp;gt;\n\n    def test_search_employee(self):\n        directory_page = DirectoryPage(self.driver)\n&amp;gt;       directory_page.search_employee(&amp;quot;John Doe&amp;quot;)\n\ndirectory\\test_directory.py:55: \n_ _ _ _ _ _ _ _ _ _ _ _ _ _ _ _ _ _ _ _ _ _ _ _ _ _ _ _ _ _ _ _ _ _ _ _ _ _ _ _ _ _ _ _ _ _ _ _ _ _ _ _ _ _ _ _ _ _ _ _ _ _ _ _ _ _ _ _ _ _ _ _ _ _ _ _ _ _ _\ndirectory\\test_directory.py:24: in search_employee\n    search_box = self.wait.until(EC.presence_of_element_located((By.ID, &amp;quot;searchDirectory_emp_name_empName&amp;quot;)))\n_ _ _ _ _ _ _ _ _ _ _ _ _ _ _ _ _ _ _ _ _ _ _ _ _ _ _ _ _ _ _ _ _ _ _ _ _ _ _ _ _ _ _ _ _ _ _ _ _ _ _ _ _ _ _ _ _ _ _ _ _ _ _ _ _ _ _ _ _ _ _ _ _ _ _ _ _ _ _\n\nself = &amp;lt;selenium.webdriver.support.wait.WebDriverWait (session=&amp;quot;5a0a7c88bab7a66e82c5fb6b61328a4c&amp;quot;)&amp;gt;\nmethod = &amp;lt;function presence_of_element_located.&amp;lt;locals&amp;gt;._predicate at 0x00000280A4A494E0&amp;gt;, message = &amp;#x27;&amp;#x27;\n\n    def until(self, method: Callable[[D], Union[Literal[False], T]], message: str = &amp;quot;&amp;quot;) -&amp;gt; T:\n        &amp;quot;&amp;quot;&amp;quot;Calls the method provided with the driver as an argument until the \\\n        return value does not evaluate to ``False``.\n    \n        :param method: callable(WebDriver)\n        :param message: optional message for :exc:`TimeoutException`\n        :returns: the result of the last call to `method`\n        :raises: :exc:`selenium.common.exceptions.TimeoutException` if timeout occurs\n        &amp;quot;&amp;quot;&amp;quot;\n        screen = None\n        stacktrace = None\n    \n        end_time = time.monotonic() + self._timeout\n        while True:\n            try:\n                value = method(self._driver)\n                if value:\n                    return value\n            except self._ignored_exceptions as exc:\n                screen = getattr(exc, &amp;quot;screen&amp;quot;, None)\n                stacktrace = getattr(exc, &amp;quot;stacktrace&amp;quot;, None)\n            time.sleep(self._poll)\n            if time.monotonic() &amp;gt; end_time:\n                break\n&amp;gt;       raise TimeoutException(message, screen, stacktrace)\nE       selenium.common.exceptions.TimeoutException: Message: \nE       Stacktrace:\nE       \tGetHandleVerifier [0x00D58923+23283]\nE       \t(No symbol) [0x00D1E934]\nE       \t(No symbol) [0x00C50733]\nE       \t(No symbol) [0x00C9326F]\nE       \t(No symbol) [0x00C934AB]\nE       \t(No symbol) [0x00CCEE42]\nE       \t(No symbol) [0x00CB4464]\nE       \t(No symbol) [0x00CCCB8D]\nE       \t(No symbol) [0x00CB41B6]\nE       \t(No symbol) [0x00C88017]\nE       \t(No symbol) [0x00C8890D]\nE       \tGetHandleVerifier [0x00E4A5E3+1013683]\nE       \tGetHandleVerifier [0x00E53E3C+1052684]\nE       \tGetHandleVerifier [0x00E4D4A4+1025652]\nE       \tGetHandleVerifier [0x00D7EA2B+179195]\nE       \t(No symbol) [0x00D26833]\nE       \t(No symbol) [0x00D23198]\nE       \t(No symbol) [0x00D23337]\nE       \t(No symbol) [0x00D1B4BE]\nE       \tBaseThreadInitThunk [0x75047BA9+25]\nE       \tRtlInitializeExceptionChain [0x772CC10B+107]\nE       \tRtlClearBits [0x772CC08F+191]\n\n..\\..\\.venv\\Lib\\site-packages\\selenium\\webdriver\\support\\wait.py:105: TimeoutException\n&#34;}], &#34;directory/test_directory.py::TestDirectory::test_view_employee_details&#34;: [{&#34;extras&#34;: [], &#34;result&#34;: &#34;Failed&#34;, &#34;testId&#34;: &#34;directory/test_directory.py::TestDirectory::test_view_employee_details&#34;, &#34;duration&#34;: &#34;00:00:10&#34;, &#34;resultsTableRow&#34;: [&#34;&lt;td class=\&#34;col-result\&#34;&gt;Failed&lt;/td&gt;&#34;, &#34;&lt;td class=\&#34;col-testId\&#34;&gt;directory/test_directory.py::TestDirectory::test_view_employee_details&lt;/td&gt;&#34;, &#34;&lt;td class=\&#34;col-duration\&#34;&gt;00:00:10&lt;/td&gt;&#34;, &#34;&lt;td class=\&#34;col-links\&#34;&gt;&lt;/td&gt;&#34;], &#34;log&#34;: &#34;self = &amp;lt;test_directory.TestDirectory object at 0x00000280A49613A0&amp;gt;\n\n    def test_view_employee_details(self):\n        directory_page = DirectoryPage(self.driver)\n&amp;gt;       assert directory_page.view_employee_details(&amp;quot;John Doe&amp;quot;)\n\ndirectory\\test_directory.py:61: \n_ _ _ _ _ _ _ _ _ _ _ _ _ _ _ _ _ _ _ _ _ _ _ _ _ _ _ _ _ _ _ _ _ _ _ _ _ _ _ _ _ _ _ _ _ _ _ _ _ _ _ _ _ _ _ _ _ _ _ _ _ _ _ _ _ _ _ _ _ _ _ _ _ _ _ _ _ _ _\ndirectory\\test_directory.py:35: in view_employee_details\n    self.search_employee(employee_name)\ndirectory\\test_directory.py:24: in search_employee\n    search_box = self.wait.until(EC.presence_of_element_located((By.ID, &amp;quot;searchDirectory_emp_name_empName&amp;quot;)))\n_ _ _ _ _ _ _ _ _ _ _ _ _ _ _ _ _ _ _ _ _ _ _ _ _ _ _ _ _ _ _ _ _ _ _ _ _ _ _ _ _ _ _ _ _ _ _ _ _ _ _ _ _ _ _ _ _ _ _ _ _ _ _ _ _ _ _ _ _ _ _ _ _ _ _ _ _ _ _\n\nself = &amp;lt;selenium.webdriver.support.wait.WebDriverWait (session=&amp;quot;5a0a7c88bab7a66e82c5fb6b61328a4c&amp;quot;)&amp;gt;\nmethod = &amp;lt;function presence_of_element_located.&amp;lt;locals&amp;gt;._predicate at 0x00000280A4A49BC0&amp;gt;, message = &amp;#x27;&amp;#x27;\n\n    def until(self, method: Callable[[D], Union[Literal[False], T]], message: str = &amp;quot;&amp;quot;) -&amp;gt; T:\n        &amp;quot;&amp;quot;&amp;quot;Calls the method provided with the driver as an argument until the \\\n        return value does not evaluate to ``False``.\n    \n        :param method: callable(WebDriver)\n        :param message: optional message for :exc:`TimeoutException`\n        :returns: the result of the last call to `method`\n        :raises: :exc:`selenium.common.exceptions.TimeoutException` if timeout occurs\n        &amp;quot;&amp;quot;&amp;quot;\n        screen = None\n        stacktrace = None\n    \n        end_time = time.monotonic() + self._timeout\n        while True:\n            try:\n                value = method(self._driver)\n                if value:\n                    return value\n            except self._ignored_exceptions as exc:\n                screen = getattr(exc, &amp;quot;screen&amp;quot;, None)\n                stacktrace = getattr(exc, &amp;quot;stacktrace&amp;quot;, None)\n            time.sleep(self._poll)\n            if time.monotonic() &amp;gt; end_time:\n                break\n&amp;gt;       raise TimeoutException(message, screen, stacktrace)\nE       selenium.common.exceptions.TimeoutException: Message: \nE       Stacktrace:\nE       \tGetHandleVerifier [0x00D58923+23283]\nE       \t(No symbol) [0x00D1E934]\nE       \t(No symbol) [0x00C50733]\nE       \t(No symbol) [0x00C9326F]\nE       \t(No symbol) [0x00C934AB]\nE       \t(No symbol) [0x00CCEE42]\nE       \t(No symbol) [0x00CB4464]\nE       \t(No symbol) [0x00CCCB8D]\nE       \t(No symbol) [0x00CB41B6]\nE       \t(No symbol) [0x00C88017]\nE       \t(No symbol) [0x00C8890D]\nE       \tGetHandleVerifier [0x00E4A5E3+1013683]\nE       \tGetHandleVerifier [0x00E53E3C+1052684]\nE       \tGetHandleVerifier [0x00E4D4A4+1025652]\nE       \tGetHandleVerifier [0x00D7EA2B+179195]\nE       \t(No symbol) [0x00D26833]\nE       \t(No symbol) [0x00D23198]\nE       \t(No symbol) [0x00D23337]\nE       \t(No symbol) [0x00D1B4BE]\nE       \tBaseThreadInitThunk [0x75047BA9+25]\nE       \tRtlInitializeExceptionChain [0x772CC10B+107]\nE       \tRtlClearBits [0x772CC08F+191]\n\n..\\..\\.venv\\Lib\\site-packages\\selenium\\webdriver\\support\\wait.py:105: TimeoutException\n&#34;}], &#34;directory/test_directory.py::TestDirectory::test_filter_employees_by_department&#34;: [{&#34;extras&#34;: [], &#34;result&#34;: &#34;Failed&#34;, &#34;testId&#34;: &#34;directory/test_directory.py::TestDirectory::test_filter_employees_by_department&#34;, &#34;duration&#34;: &#34;00:00:13&#34;, &#34;resultsTableRow&#34;: [&#34;&lt;td class=\&#34;col-result\&#34;&gt;Failed&lt;/td&gt;&#34;, &#34;&lt;td class=\&#34;col-testId\&#34;&gt;directory/test_directory.py::TestDirectory::test_filter_employees_by_department&lt;/td&gt;&#34;, &#34;&lt;td class=\&#34;col-duration\&#34;&gt;00:00:13&lt;/td&gt;&#34;, &#34;&lt;td class=\&#34;col-links\&#34;&gt;&lt;/td&gt;&#34;], &#34;log&#34;: &#34;self = &amp;lt;test_directory.TestDirectory object at 0x00000280A4961550&amp;gt;\n\n    def test_filter_employees_by_department(self):\n        directory_page = DirectoryPage(self.driver)\n&amp;gt;       directory_page.filter_employees_by_department(&amp;quot;IT&amp;quot;)\n\ndirectory\\test_directory.py:65: \n_ _ _ _ _ _ _ _ _ _ _ _ _ _ _ _ _ _ _ _ _ _ _ _ _ _ _ _ _ _ _ _ _ _ _ _ _ _ _ _ _ _ _ _ _ _ _ _ _ _ _ _ _ _ _ _ _ _ _ _ _ _ _ _ _ _ _ _ _ _ _ _ _ _ _ _ _ _ _\ndirectory\\test_directory.py:41: in filter_employees_by_department\n    department_filter = self.wait.until(EC.presence_of_element_located((By.ID, &amp;quot;searchDirectory_job_title&amp;quot;)))\n_ _ _ _ _ _ _ _ _ _ _ _ _ _ _ _ _ _ _ _ _ _ _ _ _ _ _ _ _ _ _ _ _ _ _ _ _ _ _ _ _ _ _ _ _ _ _ _ _ _ _ _ _ _ _ _ _ _ _ _ _ _ _ _ _ _ _ _ _ _ _ _ _ _ _ _ _ _ _\n\nself = &amp;lt;selenium.webdriver.support.wait.WebDriverWait (session=&amp;quot;5a0a7c88bab7a66e82c5fb6b61328a4c&amp;quot;)&amp;gt;\nmethod = &amp;lt;function presence_of_element_located.&amp;lt;locals&amp;gt;._predicate at 0x00000280A4A49F80&amp;gt;, message = &amp;#x27;&amp;#x27;\n\n    def until(self, method: Callable[[D], Union[Literal[False], T]], message: str = &amp;quot;&amp;quot;) -&amp;gt; T:\n        &amp;quot;&amp;quot;&amp;quot;Calls the method provided with the driver as an argument until the \\\n        return value does not evaluate to ``False``.\n    \n        :param method: callable(WebDriver)\n        :param message: optional message for :exc:`TimeoutException`\n        :returns: the result of the last call to `method`\n        :raises: :exc:`selenium.common.exceptions.TimeoutException` if timeout occurs\n        &amp;quot;&amp;quot;&amp;quot;\n        screen = None\n        stacktrace = None\n    \n        end_time = time.monotonic() + self._timeout\n        while True:\n            try:\n                value = method(self._driver)\n                if value:\n                    return value\n            except self._ignored_exceptions as exc:\n                screen = getattr(exc, &amp;quot;screen&amp;quot;, None)\n                stacktrace = getattr(exc, &amp;quot;stacktrace&amp;quot;, None)\n            time.sleep(self._poll)\n            if time.monotonic() &amp;gt; end_time:\n                break\n&amp;gt;       raise TimeoutException(message, screen, stacktrace)\nE       selenium.common.exceptions.TimeoutException: Message: \nE       Stacktrace:\nE       \tGetHandleVerifier [0x00D58923+23283]\nE       \t(No symbol) [0x00D1E934]\nE       \t(No symbol) [0x00C50733]\nE       \t(No symbol) [0x00C9326F]\nE       \t(No symbol) [0x00C934AB]\nE       \t(No symbol) [0x00CCEE42]\nE       \t(No symbol) [0x00CB4464]\nE       \t(No symbol) [0x00CCCB8D]\nE       \t(No symbol) [0x00CB41B6]\nE       \t(No symbol) [0x00C88017]\nE       \t(No symbol) [0x00C8890D]\nE       \tGetHandleVerifier [0x00E4A5E3+1013683]\nE       \tGetHandleVerifier [0x00E53E3C+1052684]\nE       \tGetHandleVerifier [0x00E4D4A4+1025652]\nE       \tGetHandleVerifier [0x00D7EA2B+179195]\nE       \t(No symbol) [0x00D26833]\nE       \t(No symbol) [0x00D23198]\nE       \t(No symbol) [0x00D23337]\nE       \t(No symbol) [0x00D1B4BE]\nE       \tBaseThreadInitThunk [0x75047BA9+25]\nE       \tRtlInitializeExceptionChain [0x772CC10B+107]\nE       \tRtlClearBits [0x772CC08F+191]\n\n..\\..\\.venv\\Lib\\site-packages\\selenium\\webdriver\\support\\wait.py:105: TimeoutException\n&#34;}], &#34;maintenance/test_maintenance.py::TestDirectory::test_search_employee&#34;: [{&#34;extras&#34;: [], &#34;result&#34;: &#34;Failed&#34;, &#34;testId&#34;: &#34;maintenance/test_maintenance.py::TestDirectory::test_search_employee&#34;, &#34;duration&#34;: &#34;00:00:34&#34;, &#34;resultsTableRow&#34;: [&#34;&lt;td class=\&#34;col-result\&#34;&gt;Failed&lt;/td&gt;&#34;, &#34;&lt;td class=\&#34;col-testId\&#34;&gt;maintenance/test_maintenance.py::TestDirectory::test_search_employee&lt;/td&gt;&#34;, &#34;&lt;td class=\&#34;col-duration\&#34;&gt;00:00:34&lt;/td&gt;&#34;, &#34;&lt;td class=\&#34;col-links\&#34;&gt;&lt;/td&gt;&#34;], &#34;log&#34;: &#34;self = &amp;lt;test_maintenance.TestDirectory object at 0x00000280A4960AA0&amp;gt;\n\n    def test_search_employee(self):\n        directory_page = DirectoryPage(self.driver)\n&amp;gt;       directory_page.search_employee(&amp;quot;John Doe&amp;quot;)\n\nmaintenance\\test_maintenance.py:55: \n_ _ _ _ _ _ _ _ _ _ _ _ _ _ _ _ _ _ _ _ _ _ _ _ _ _ _ _ _ _ _ _ _ _ _ _ _ _ _ _ _ _ _ _ _ _ _ _ _ _ _ _ _ _ _ _ _ _ _ _ _ _ _ _ _ _ _ _ _ _ _ _ _ _ _ _ _ _ _\nmaintenance\\test_maintenance.py:24: in search_employee\n    search_box = self.wait.until(EC.presence_of_element_located((By.ID, &amp;quot;searchDirectory_emp_name_empName&amp;quot;)))\n_ _ _ _ _ _ _ _ _ _ _ _ _ _ _ _ _ _ _ _ _ _ _ _ _ _ _ _ _ _ _ _ _ _ _ _ _ _ _ _ _ _ _ _ _ _ _ _ _ _ _ _ _ _ _ _ _ _ _ _ _ _ _ _ _ _ _ _ _ _ _ _ _ _ _ _ _ _ _\n\nself = &amp;lt;selenium.webdriver.support.wait.WebDriverWait (session=&amp;quot;b505cd69da862e76dc8cf75a08b5f5b0&amp;quot;)&amp;gt;\nmethod = &amp;lt;function presence_of_element_located.&amp;lt;locals&amp;gt;._predicate at 0x00000280A4A4A3E0&amp;gt;, message = &amp;#x27;&amp;#x27;\n\n    def until(self, method: Callable[[D], Union[Literal[False], T]], message: str = &amp;quot;&amp;quot;) -&amp;gt; T:\n        &amp;quot;&amp;quot;&amp;quot;Calls the method provided with the driver as an argument until the \\\n        return value does not evaluate to ``False``.\n    \n        :param method: callable(WebDriver)\n        :param message: optional message for :exc:`TimeoutException`\n        :returns: the result of the last call to `method`\n        :raises: :exc:`selenium.common.exceptions.TimeoutException` if timeout occurs\n        &amp;quot;&amp;quot;&amp;quot;\n        screen = None\n        stacktrace = None\n    \n        end_time = time.monotonic() + self._timeout\n        while True:\n            try:\n                value = method(self._driver)\n                if value:\n                    return value\n            except self._ignored_exceptions as exc:\n                screen = getattr(exc, &amp;quot;screen&amp;quot;, None)\n                stacktrace = getattr(exc, &amp;quot;stacktrace&amp;quot;, None)\n            time.sleep(self._poll)\n            if time.monotonic() &amp;gt; end_time:\n                break\n&amp;gt;       raise TimeoutException(message, screen, stacktrace)\nE       selenium.common.exceptions.TimeoutException: Message: \nE       Stacktrace:\nE       \tGetHandleVerifier [0x00D58923+23283]\nE       \t(No symbol) [0x00D1E934]\nE       \t(No symbol) [0x00C50733]\nE       \t(No symbol) [0x00C9326F]\nE       \t(No symbol) [0x00C934AB]\nE       \t(No symbol) [0x00CCEE42]\nE       \t(No symbol) [0x00CB4464]\nE       \t(No symbol) [0x00CCCB8D]\nE       \t(No symbol) [0x00CB41B6]\nE       \t(No symbol) [0x00C88017]\nE       \t(No symbol) [0x00C8890D]\nE       \tGetHandleVerifier [0x00E4A5E3+1013683]\nE       \tGetHandleVerifier [0x00E53E3C+1052684]\nE       \tGetHandleVerifier [0x00E4D4A4+1025652]\nE       \tGetHandleVerifier [0x00D7EA2B+179195]\nE       \t(No symbol) [0x00D26833]\nE       \t(No symbol) [0x00D23198]\nE       \t(No symbol) [0x00D23337]\nE       \t(No symbol) [0x00D1B4BE]\nE       \tBaseThreadInitThunk [0x75047BA9+25]\nE       \tRtlInitializeExceptionChain [0x772CC10B+107]\nE       \tRtlClearBits [0x772CC08F+191]\n\n..\\..\\.venv\\Lib\\site-packages\\selenium\\webdriver\\support\\wait.py:105: TimeoutException\n&#34;}], &#34;maintenance/test_maintenance.py::TestDirectory::test_view_employee_details&#34;: [{&#34;extras&#34;: [], &#34;result&#34;: &#34;Failed&#34;, &#34;testId&#34;: &#34;maintenance/test_maintenance.py::TestDirectory::test_view_employee_details&#34;, &#34;duration&#34;: &#34;00:00:10&#34;, &#34;resultsTableRow&#34;: [&#34;&lt;td class=\&#34;col-result\&#34;&gt;Failed&lt;/td&gt;&#34;, &#34;&lt;td class=\&#34;col-testId\&#34;&gt;maintenance/test_maintenance.py::TestDirectory::test_view_employee_details&lt;/td&gt;&#34;, &#34;&lt;td class=\&#34;col-duration\&#34;&gt;00:00:10&lt;/td&gt;&#34;, &#34;&lt;td class=\&#34;col-links\&#34;&gt;&lt;/td&gt;&#34;], &#34;log&#34;: &#34;self = &amp;lt;test_maintenance.TestDirectory object at 0x00000280A4961FA0&amp;gt;\n\n    def test_view_employee_details(self):\n        directory_page = DirectoryPage(self.driver)\n&amp;gt;       assert directory_page.view_employee_details(&amp;quot;John Doe&amp;quot;)\n\nmaintenance\\test_maintenance.py:61: \n_ _ _ _ _ _ _ _ _ _ _ _ _ _ _ _ _ _ _ _ _ _ _ _ _ _ _ _ _ _ _ _ _ _ _ _ _ _ _ _ _ _ _ _ _ _ _ _ _ _ _ _ _ _ _ _ _ _ _ _ _ _ _ _ _ _ _ _ _ _ _ _ _ _ _ _ _ _ _\nmaintenance\\test_maintenance.py:35: in view_employee_details\n    self.search_employee(employee_name)\nmaintenance\\test_maintenance.py:24: in search_employee\n    search_box = self.wait.until(EC.presence_of_element_located((By.ID, &amp;quot;searchDirectory_emp_name_empName&amp;quot;)))\n_ _ _ _ _ _ _ _ _ _ _ _ _ _ _ _ _ _ _ _ _ _ _ _ _ _ _ _ _ _ _ _ _ _ _ _ _ _ _ _ _ _ _ _ _ _ _ _ _ _ _ _ _ _ _ _ _ _ _ _ _ _ _ _ _ _ _ _ _ _ _ _ _ _ _ _ _ _ _\n\nself = &amp;lt;selenium.webdriver.support.wait.WebDriverWait (session=&amp;quot;b505cd69da862e76dc8cf75a08b5f5b0&amp;quot;)&amp;gt;\nmethod = &amp;lt;function presence_of_element_located.&amp;lt;locals&amp;gt;._predicate at 0x00000280A4A49080&amp;gt;, message = &amp;#x27;&amp;#x27;\n\n    def until(self, method: Callable[[D], Union[Literal[False], T]], message: str = &amp;quot;&amp;quot;) -&amp;gt; T:\n        &amp;quot;&amp;quot;&amp;quot;Calls the method provided with the driver as an argument until the \\\n        return value does not evaluate to ``False``.\n    \n        :param method: callable(WebDriver)\n        :param message: optional message for :exc:`TimeoutException`\n        :returns: the result of the last call to `method`\n        :raises: :exc:`selenium.common.exceptions.TimeoutException` if timeout occurs\n        &amp;quot;&amp;quot;&amp;quot;\n        screen = None\n        stacktrace = None\n    \n        end_time = time.monotonic() + self._timeout\n        while True:\n            try:\n                value = method(self._driver)\n                if value:\n                    return value\n            except self._ignored_exceptions as exc:\n                screen = getattr(exc, &amp;quot;screen&amp;quot;, None)\n                stacktrace = getattr(exc, &amp;quot;stacktrace&amp;quot;, None)\n            time.sleep(self._poll)\n            if time.monotonic() &amp;gt; end_time:\n                break\n&amp;gt;       raise TimeoutException(message, screen, stacktrace)\nE       selenium.common.exceptions.TimeoutException: Message: \nE       Stacktrace:\nE       \tGetHandleVerifier [0x00D58923+23283]\nE       \t(No symbol) [0x00D1E934]\nE       \t(No symbol) [0x00C50733]\nE       \t(No symbol) [0x00C9326F]\nE       \t(No symbol) [0x00C934AB]\nE       \t(No symbol) [0x00CCEE42]\nE       \t(No symbol) [0x00CB4464]\nE       \t(No symbol) [0x00CCCB8D]\nE       \t(No symbol) [0x00CB41B6]\nE       \t(No symbol) [0x00C88017]\nE       \t(No symbol) [0x00C8890D]\nE       \tGetHandleVerifier [0x00E4A5E3+1013683]\nE       \tGetHandleVerifier [0x00E53E3C+1052684]\nE       \tGetHandleVerifier [0x00E4D4A4+1025652]\nE       \tGetHandleVerifier [0x00D7EA2B+179195]\nE       \t(No symbol) [0x00D26833]\nE       \t(No symbol) [0x00D23198]\nE       \t(No symbol) [0x00D23337]\nE       \t(No symbol) [0x00D1B4BE]\nE       \tBaseThreadInitThunk [0x75047BA9+25]\nE       \tRtlInitializeExceptionChain [0x772CC10B+107]\nE       \tRtlClearBits [0x772CC08F+191]\n\n..\\..\\.venv\\Lib\\site-packages\\selenium\\webdriver\\support\\wait.py:105: TimeoutException\n&#34;}], &#34;maintenance/test_maintenance.py::TestDirectory::test_filter_employees_by_department&#34;: [{&#34;extras&#34;: [], &#34;result&#34;: &#34;Failed&#34;, &#34;testId&#34;: &#34;maintenance/test_maintenance.py::TestDirectory::test_filter_employees_by_department&#34;, &#34;duration&#34;: &#34;00:00:13&#34;, &#34;resultsTableRow&#34;: [&#34;&lt;td class=\&#34;col-result\&#34;&gt;Failed&lt;/td&gt;&#34;, &#34;&lt;td class=\&#34;col-testId\&#34;&gt;maintenance/test_maintenance.py::TestDirectory::test_filter_employees_by_department&lt;/td&gt;&#34;, &#34;&lt;td class=\&#34;col-duration\&#34;&gt;00:00:13&lt;/td&gt;&#34;, &#34;&lt;td class=\&#34;col-links\&#34;&gt;&lt;/td&gt;&#34;], &#34;log&#34;: &#34;self = &amp;lt;test_maintenance.TestDirectory object at 0x00000280A49621E0&amp;gt;\n\n    def test_filter_employees_by_department(self):\n        directory_page = DirectoryPage(self.driver)\n&amp;gt;       directory_page.filter_employees_by_department(&amp;quot;IT&amp;quot;)\n\nmaintenance\\test_maintenance.py:65: \n_ _ _ _ _ _ _ _ _ _ _ _ _ _ _ _ _ _ _ _ _ _ _ _ _ _ _ _ _ _ _ _ _ _ _ _ _ _ _ _ _ _ _ _ _ _ _ _ _ _ _ _ _ _ _ _ _ _ _ _ _ _ _ _ _ _ _ _ _ _ _ _ _ _ _ _ _ _ _\nmaintenance\\test_maintenance.py:41: in filter_employees_by_department\n    department_filter = self.wait.until(EC.presence_of_element_located((By.ID, &amp;quot;searchDirectory_job_title&amp;quot;)))\n_ _ _ _ _ _ _ _ _ _ _ _ _ _ _ _ _ _ _ _ _ _ _ _ _ _ _ _ _ _ _ _ _ _ _ _ _ _ _ _ _ _ _ _ _ _ _ _ _ _ _ _ _ _ _ _ _ _ _ _ _ _ _ _ _ _ _ _ _ _ _ _ _ _ _ _ _ _ _\n\nself = &amp;lt;selenium.webdriver.support.wait.WebDriverWait (session=&amp;quot;b505cd69da862e76dc8cf75a08b5f5b0&amp;quot;)&amp;gt;\nmethod = &amp;lt;function presence_of_element_located.&amp;lt;locals&amp;gt;._predicate at 0x00000280A4A4A840&amp;gt;, message = &amp;#x27;&amp;#x27;\n\n    def until(self, method: Callable[[D], Union[Literal[False], T]], message: str = &amp;quot;&amp;quot;) -&amp;gt; T:\n        &amp;quot;&amp;quot;&amp;quot;Calls the method provided with the driver as an argument until the \\\n        return value does not evaluate to ``False``.\n    \n        :param method: callable(WebDriver)\n        :param message: optional message for :exc:`TimeoutException`\n        :returns: the result of the last call to `method`\n        :raises: :exc:`selenium.common.exceptions.TimeoutException` if timeout occurs\n        &amp;quot;&amp;quot;&amp;quot;\n        screen = None\n        stacktrace = None\n    \n        end_time = time.monotonic() + self._timeout\n        while True:\n            try:\n                value = method(self._driver)\n                if value:\n                    return value\n            except self._ignored_exceptions as exc:\n                screen = getattr(exc, &amp;quot;screen&amp;quot;, None)\n                stacktrace = getattr(exc, &amp;quot;stacktrace&amp;quot;, None)\n            time.sleep(self._poll)\n            if time.monotonic() &amp;gt; end_time:\n                break\n&amp;gt;       raise TimeoutException(message, screen, stacktrace)\nE       selenium.common.exceptions.TimeoutException: Message: \nE       Stacktrace:\nE       \tGetHandleVerifier [0x00D58923+23283]\nE       \t(No symbol) [0x00D1E934]\nE       \t(No symbol) [0x00C50733]\nE       \t(No symbol) [0x00C9326F]\nE       \t(No symbol) [0x00C934AB]\nE       \t(No symbol) [0x00CCEE42]\nE       \t(No symbol) [0x00CB4464]\nE       \t(No symbol) [0x00CCCB8D]\nE       \t(No symbol) [0x00CB41B6]\nE       \t(No symbol) [0x00C88017]\nE       \t(No symbol) [0x00C8890D]\nE       \tGetHandleVerifier [0x00E4A5E3+1013683]\nE       \tGetHandleVerifier [0x00E53E3C+1052684]\nE       \tGetHandleVerifier [0x00E4D4A4+1025652]\nE       \tGetHandleVerifier [0x00D7EA2B+179195]\nE       \t(No symbol) [0x00D26833]\nE       \t(No symbol) [0x00D23198]\nE       \t(No symbol) [0x00D23337]\nE       \t(No symbol) [0x00D1B4BE]\nE       \tBaseThreadInitThunk [0x75047BA9+25]\nE       \tRtlInitializeExceptionChain [0x772CC10B+107]\nE       \tRtlClearBits [0x772CC08F+191]\n\n..\\..\\.venv\\Lib\\site-packages\\selenium\\webdriver\\support\\wait.py:105: TimeoutException\n&#34;}], &#34;claim/test_claim.py::TestClaim::test_create_new_claim&#34;: [{&#34;extras&#34;: [], &#34;result&#34;: &#34;Failed&#34;, &#34;testId&#34;: &#34;claim/test_claim.py::TestClaim::test_create_new_claim&#34;, &#34;duration&#34;: &#34;00:00:32&#34;, &#34;resultsTableRow&#34;: [&#34;&lt;td class=\&#34;col-result\&#34;&gt;Failed&lt;/td&gt;&#34;, &#34;&lt;td class=\&#34;col-testId\&#34;&gt;claim/test_claim.py::TestClaim::test_create_new_claim&lt;/td&gt;&#34;, &#34;&lt;td class=\&#34;col-duration\&#34;&gt;00:00:32&lt;/td&gt;&#34;, &#34;&lt;td class=\&#34;col-links\&#34;&gt;&lt;/td&gt;&#34;], &#34;log&#34;: &#34;self = &amp;lt;test_claim.TestClaim object at 0x00000280A4962810&amp;gt;\n\n    def test_create_new_claim(self):\n        driver = self.driver\n        wait = WebDriverWait(driver, 10)\n    \n        self.login_as_admin()\n    \n        # Navigate to the Claims page\n&amp;gt;       claim_menu = wait.until(EC.presence_of_element_located((By.ID, &amp;quot;menu_claim&amp;quot;)))\n\nclaim\\test_claim.py:45: \n_ _ _ _ _ _ _ _ _ _ _ _ _ _ _ _ _ _ _ _ _ _ _ _ _ _ _ _ _ _ _ _ _ _ _ _ _ _ _ _ _ _ _ _ _ _ _ _ _ _ _ _ _ _ _ _ _ _ _ _ _ _ _ _ _ _ _ _ _ _ _ _ _ _ _ _ _ _ _\n\nself = &amp;lt;selenium.webdriver.support.wait.WebDriverWait (session=&amp;quot;92b8c142c1aebb0380fabc3f57aa2d92&amp;quot;)&amp;gt;\nmethod = &amp;lt;function presence_of_element_located.&amp;lt;locals&amp;gt;._predicate at 0x00000280A4A4ACA0&amp;gt;, message = &amp;#x27;&amp;#x27;\n\n    def until(self, method: Callable[[D], Union[Literal[False], T]], message: str = &amp;quot;&amp;quot;) -&amp;gt; T:\n        &amp;quot;&amp;quot;&amp;quot;Calls the method provided with the driver as an argument until the \\\n        return value does not evaluate to ``False``.\n    \n        :param method: callable(WebDriver)\n        :param message: optional message for :exc:`TimeoutException`\n        :returns: the result of the last call to `method`\n        :raises: :exc:`selenium.common.exceptions.TimeoutException` if timeout occurs\n        &amp;quot;&amp;quot;&amp;quot;\n        screen = None\n        stacktrace = None\n    \n        end_time = time.monotonic() + self._timeout\n        while True:\n            try:\n                value = method(self._driver)\n                if value:\n                    return value\n            except self._ignored_exceptions as exc:\n                screen = getattr(exc, &amp;quot;screen&amp;quot;, None)\n                stacktrace = getattr(exc, &amp;quot;stacktrace&amp;quot;, None)\n            time.sleep(self._poll)\n            if time.monotonic() &amp;gt; end_time:\n                break\n&amp;gt;       raise TimeoutException(message, screen, stacktrace)\nE       selenium.common.exceptions.TimeoutException: Message: \nE       Stacktrace:\nE       \tGetHandleVerifier [0x00D58923+23283]\nE       \t(No symbol) [0x00D1E934]\nE       \t(No symbol) [0x00C50733]\nE       \t(No symbol) [0x00C9326F]\nE       \t(No symbol) [0x00C934AB]\nE       \t(No symbol) [0x00CCEE42]\nE       \t(No symbol) [0x00CB4464]\nE       \t(No symbol) [0x00CCCB8D]\nE       \t(No symbol) [0x00CB41B6]\nE       \t(No symbol) [0x00C88017]\nE       \t(No symbol) [0x00C8890D]\nE       \tGetHandleVerifier [0x00E4A5E3+1013683]\nE       \tGetHandleVerifier [0x00E53E3C+1052684]\nE       \tGetHandleVerifier [0x00E4D4A4+1025652]\nE       \tGetHandleVerifier [0x00D7EA2B+179195]\nE       \t(No symbol) [0x00D26833]\nE       \t(No symbol) [0x00D23198]\nE       \t(No symbol) [0x00D23337]\nE       \t(No symbol) [0x00D1B4BE]\nE       \tBaseThreadInitThunk [0x75047BA9+25]\nE       \tRtlInitializeExceptionChain [0x772CC10B+107]\nE       \tRtlClearBits [0x772CC08F+191]\n\n..\\..\\.venv\\Lib\\site-packages\\selenium\\webdriver\\support\\wait.py:105: TimeoutException\n&#34;}], &#34;claim/test_claim.py::TestClaim::test_approve_claim&#34;: [{&#34;extras&#34;: [], &#34;result&#34;: &#34;Failed&#34;, &#34;testId&#34;: &#34;claim/test_claim.py::TestClaim::test_approve_claim&#34;, &#34;duration&#34;: &#34;00:00:10&#34;, &#34;resultsTableRow&#34;: [&#34;&lt;td class=\&#34;col-result\&#34;&gt;Failed&lt;/td&gt;&#34;, &#34;&lt;td class=\&#34;col-testId\&#34;&gt;claim/test_claim.py::TestClaim::test_approve_claim&lt;/td&gt;&#34;, &#34;&lt;td class=\&#34;col-duration\&#34;&gt;00:00:10&lt;/td&gt;&#34;, &#34;&lt;td class=\&#34;col-links\&#34;&gt;&lt;/td&gt;&#34;], &#34;log&#34;: &#34;self = &amp;lt;test_claim.TestClaim object at 0x00000280A49629F0&amp;gt;\n\n    def test_approve_claim(self):\n        driver = self.driver\n        wait = WebDriverWait(driver, 10)\n    \n&amp;gt;       self.login_as_admin()\n\nclaim\\test_claim.py:70: \n_ _ _ _ _ _ _ _ _ _ _ _ _ _ _ _ _ _ _ _ _ _ _ _ _ _ _ _ _ _ _ _ _ _ _ _ _ _ _ _ _ _ _ _ _ _ _ _ _ _ _ _ _ _ _ _ _ _ _ _ _ _ _ _ _ _ _ _ _ _ _ _ _ _ _ _ _ _ _\nclaim\\test_claim.py:26: in login_as_admin\n    username_field = wait.until(EC.presence_of_element_located((By.NAME, &amp;quot;username&amp;quot;)))\n_ _ _ _ _ _ _ _ _ _ _ _ _ _ _ _ _ _ _ _ _ _ _ _ _ _ _ _ _ _ _ _ _ _ _ _ _ _ _ _ _ _ _ _ _ _ _ _ _ _ _ _ _ _ _ _ _ _ _ _ _ _ _ _ _ _ _ _ _ _ _ _ _ _ _ _ _ _ _\n\nself = &amp;lt;selenium.webdriver.support.wait.WebDriverWait (session=&amp;quot;92b8c142c1aebb0380fabc3f57aa2d92&amp;quot;)&amp;gt;\nmethod = &amp;lt;function presence_of_element_located.&amp;lt;locals&amp;gt;._predicate at 0x00000280A4A48F40&amp;gt;, message = &amp;#x27;&amp;#x27;\n\n    def until(self, method: Callable[[D], Union[Literal[False], T]], message: str = &amp;quot;&amp;quot;) -&amp;gt; T:\n        &amp;quot;&amp;quot;&amp;quot;Calls the method provided with the driver as an argument until the \\\n        return value does not evaluate to ``False``.\n    \n        :param method: callable(WebDriver)\n        :param message: optional message for :exc:`TimeoutException`\n        :returns: the result of the last call to `method`\n        :raises: :exc:`selenium.common.exceptions.TimeoutException` if timeout occurs\n        &amp;quot;&amp;quot;&amp;quot;\n        screen = None\n        stacktrace = None\n    \n        end_time = time.monotonic() + self._timeout\n        while True:\n            try:\n                value = method(self._driver)\n                if value:\n                    return value\n            except self._ignored_exceptions as exc:\n                screen = getattr(exc, &amp;quot;screen&amp;quot;, None)\n                stacktrace = getattr(exc, &amp;quot;stacktrace&amp;quot;, None)\n            time.sleep(self._poll)\n            if time.monotonic() &amp;gt; end_time:\n                break\n&amp;gt;       raise TimeoutException(message, screen, stacktrace)\nE       selenium.common.exceptions.TimeoutException: Message: \nE       Stacktrace:\nE       \tGetHandleVerifier [0x00D58923+23283]\nE       \t(No symbol) [0x00D1E934]\nE       \t(No symbol) [0x00C50733]\nE       \t(No symbol) [0x00C9326F]\nE       \t(No symbol) [0x00C934AB]\nE       \t(No symbol) [0x00CCEE42]\nE       \t(No symbol) [0x00CB4464]\nE       \t(No symbol) [0x00CCCB8D]\nE       \t(No symbol) [0x00CB41B6]\nE       \t(No symbol) [0x00C88017]\nE       \t(No symbol) [0x00C8890D]\nE       \tGetHandleVerifier [0x00E4A5E3+1013683]\nE       \tGetHandleVerifier [0x00E53E3C+1052684]\nE       \tGetHandleVerifier [0x00E4D4A4+1025652]\nE       \tGetHandleVerifier [0x00D7EA2B+179195]\nE       \t(No symbol) [0x00D26833]\nE       \t(No symbol) [0x00D23198]\nE       \t(No symbol) [0x00D23337]\nE       \t(No symbol) [0x00D1B4BE]\nE       \tBaseThreadInitThunk [0x75047BA9+25]\nE       \tRtlInitializeExceptionChain [0x772CC10B+107]\nE       \tRtlClearBits [0x772CC08F+191]\n\n..\\..\\.venv\\Lib\\site-packages\\selenium\\webdriver\\support\\wait.py:105: TimeoutException\n&#34;}], &#34;claim/test_claim.py::TestClaim::test_view_claim_history&#34;: [{&#34;extras&#34;: [], &#34;result&#34;: &#34;Failed&#34;, &#34;testId&#34;: &#34;claim/test_claim.py::TestClaim::test_view_claim_history&#34;, &#34;duration&#34;: &#34;00:00:13&#34;, &#34;resultsTableRow&#34;: [&#34;&lt;td class=\&#34;col-result\&#34;&gt;Failed&lt;/td&gt;&#34;, &#34;&lt;td class=\&#34;col-testId\&#34;&gt;claim/test_claim.py::TestClaim::test_view_claim_history&lt;/td&gt;&#34;, &#34;&lt;td class=\&#34;col-duration\&#34;&gt;00:00:13&lt;/td&gt;&#34;, &#34;&lt;td class=\&#34;col-links\&#34;&gt;&lt;/td&gt;&#34;], &#34;log&#34;: &#34;self = &amp;lt;test_claim.TestClaim object at 0x00000280A4962BA0&amp;gt;\n\n    def test_view_claim_history(self):\n        driver = self.driver\n        wait = WebDriverWait(driver, 10)\n    \n&amp;gt;       self.login_as_admin()\n\nclaim\\test_claim.py:91: \n_ _ _ _ _ _ _ _ _ _ _ _ _ _ _ _ _ _ _ _ _ _ _ _ _ _ _ _ _ _ _ _ _ _ _ _ _ _ _ _ _ _ _ _ _ _ _ _ _ _ _ _ _ _ _ _ _ _ _ _ _ _ _ _ _ _ _ _ _ _ _ _ _ _ _ _ _ _ _\nclaim\\test_claim.py:26: in login_as_admin\n    username_field = wait.until(EC.presence_of_element_located((By.NAME, &amp;quot;username&amp;quot;)))\n_ _ _ _ _ _ _ _ _ _ _ _ _ _ _ _ _ _ _ _ _ _ _ _ _ _ _ _ _ _ _ _ _ _ _ _ _ _ _ _ _ _ _ _ _ _ _ _ _ _ _ _ _ _ _ _ _ _ _ _ _ _ _ _ _ _ _ _ _ _ _ _ _ _ _ _ _ _ _\n\nself = &amp;lt;selenium.webdriver.support.wait.WebDriverWait (session=&amp;quot;92b8c142c1aebb0380fabc3f57aa2d92&amp;quot;)&amp;gt;\nmethod = &amp;lt;function presence_of_element_located.&amp;lt;locals&amp;gt;._predicate at 0x00000280A4A49080&amp;gt;, message = &amp;#x27;&amp;#x27;\n\n    def until(self, method: Callable[[D], Union[Literal[False], T]], message: str = &amp;quot;&amp;quot;) -&amp;gt; T:\n        &amp;quot;&amp;quot;&amp;quot;Calls the method provided with the driver as an argument until the \\\n        return value does not evaluate to ``False``.\n    \n        :param method: callable(WebDriver)\n        :param message: optional message for :exc:`TimeoutException`\n        :returns: the result of the last call to `method`\n        :raises: :exc:`selenium.common.exceptions.TimeoutException` if timeout occurs\n        &amp;quot;&amp;quot;&amp;quot;\n        screen = None\n        stacktrace = None\n    \n        end_time = time.monotonic() + self._timeout\n        while True:\n            try:\n                value = method(self._driver)\n                if value:\n                    return value\n            except self._ignored_exceptions as exc:\n                screen = getattr(exc, &amp;quot;screen&amp;quot;, None)\n                stacktrace = getattr(exc, &amp;quot;stacktrace&amp;quot;, None)\n            time.sleep(self._poll)\n            if time.monotonic() &amp;gt; end_time:\n                break\n&amp;gt;       raise TimeoutException(message, screen, stacktrace)\nE       selenium.common.exceptions.TimeoutException: Message: \nE       Stacktrace:\nE       \tGetHandleVerifier [0x00D58923+23283]\nE       \t(No symbol) [0x00D1E934]\nE       \t(No symbol) [0x00C50733]\nE       \t(No symbol) [0x00C9326F]\nE       \t(No symbol) [0x00C934AB]\nE       \t(No symbol) [0x00CCEE42]\nE       \t(No symbol) [0x00CB4464]\nE       \t(No symbol) [0x00CCCB8D]\nE       \t(No symbol) [0x00CB41B6]\nE       \t(No symbol) [0x00C88017]\nE       \t(No symbol) [0x00C8890D]\nE       \tGetHandleVerifier [0x00E4A5E3+1013683]\nE       \tGetHandleVerifier [0x00E53E3C+1052684]\nE       \tGetHandleVerifier [0x00E4D4A4+1025652]\nE       \tGetHandleVerifier [0x00D7EA2B+179195]\nE       \t(No symbol) [0x00D26833]\nE       \t(No symbol) [0x00D23198]\nE       \t(No symbol) [0x00D23337]\nE       \t(No symbol) [0x00D1B4BE]\nE       \tBaseThreadInitThunk [0x75047BA9+25]\nE       \tRtlInitializeExceptionChain [0x772CC10B+107]\nE       \tRtlClearBits [0x772CC08F+191]\n\n..\\..\\.venv\\Lib\\site-packages\\selenium\\webdriver\\support\\wait.py:105: TimeoutException\n&#34;}], &#34;buzz/test_buzz.py::TestBuzz::test_create_new_post&#34;: [{&#34;extras&#34;: [], &#34;result&#34;: &#34;Failed&#34;, &#34;testId&#34;: &#34;buzz/test_buzz.py::TestBuzz::test_create_new_post&#34;, &#34;duration&#34;: &#34;00:00:58&#34;, &#34;resultsTableRow&#34;: [&#34;&lt;td class=\&#34;col-result\&#34;&gt;Failed&lt;/td&gt;&#34;, &#34;&lt;td class=\&#34;col-testId\&#34;&gt;buzz/test_buzz.py::TestBuzz::test_create_new_post&lt;/td&gt;&#34;, &#34;&lt;td class=\&#34;col-duration\&#34;&gt;00:00:58&lt;/td&gt;&#34;, &#34;&lt;td class=\&#34;col-links\&#34;&gt;&lt;/td&gt;&#34;], &#34;log&#34;: &#34;self = &amp;lt;test_buzz.TestBuzz object at 0x00000280A4962150&amp;gt;\n\n    def test_create_new_post(self):\n        driver = self.driver\n        wait = WebDriverWait(driver, 10)\n    \n        self.login_as_admin()\n    \n        # Navigate to Buzz\n&amp;gt;       buzz_menu = wait.until(EC.presence_of_element_located((By.ID, &amp;quot;menu_buzz_viewBuzz&amp;quot;)))\n\nbuzz\\test_buzz.py:49: \n_ _ _ _ _ _ _ _ _ _ _ _ _ _ _ _ _ _ _ _ _ _ _ _ _ _ _ _ _ _ _ _ _ _ _ _ _ _ _ _ _ _ _ _ _ _ _ _ _ _ _ _ _ _ _ _ _ _ _ _ _ _ _ _ _ _ _ _ _ _ _ _ _ _ _ _ _ _ _\n\nself = &amp;lt;selenium.webdriver.support.wait.WebDriverWait (session=&amp;quot;1fac4bb81ea1a4105178f228fcf8bb0e&amp;quot;)&amp;gt;\nmethod = &amp;lt;function presence_of_element_located.&amp;lt;locals&amp;gt;._predicate at 0x00000280A4A4B420&amp;gt;, message = &amp;#x27;&amp;#x27;\n\n    def until(self, method: Callable[[D], Union[Literal[False], T]], message: str = &amp;quot;&amp;quot;) -&amp;gt; T:\n        &amp;quot;&amp;quot;&amp;quot;Calls the method provided with the driver as an argument until the \\\n        return value does not evaluate to ``False``.\n    \n        :param method: callable(WebDriver)\n        :param message: optional message for :exc:`TimeoutException`\n        :returns: the result of the last call to `method`\n        :raises: :exc:`selenium.common.exceptions.TimeoutException` if timeout occurs\n        &amp;quot;&amp;quot;&amp;quot;\n        screen = None\n        stacktrace = None\n    \n        end_time = time.monotonic() + self._timeout\n        while True:\n            try:\n                value = method(self._driver)\n                if value:\n                    return value\n            except self._ignored_exceptions as exc:\n                screen = getattr(exc, &amp;quot;screen&amp;quot;, None)\n                stacktrace = getattr(exc, &amp;quot;stacktrace&amp;quot;, None)\n            time.sleep(self._poll)\n            if time.monotonic() &amp;gt; end_time:\n                break\n&amp;gt;       raise TimeoutException(message, screen, stacktrace)\nE       selenium.common.exceptions.TimeoutException: Message: \nE       Stacktrace:\nE       \tGetHandleVerifier [0x00D58923+23283]\nE       \t(No symbol) [0x00D1E934]\nE       \t(No symbol) [0x00C50733]\nE       \t(No symbol) [0x00C9326F]\nE       \t(No symbol) [0x00C934AB]\nE       \t(No symbol) [0x00CCEE42]\nE       \t(No symbol) [0x00CB4464]\nE       \t(No symbol) [0x00CCCB8D]\nE       \t(No symbol) [0x00CB41B6]\nE       \t(No symbol) [0x00C88017]\nE       \t(No symbol) [0x00C8890D]\nE       \tGetHandleVerifier [0x00E4A5E3+1013683]\nE       \tGetHandleVerifier [0x00E53E3C+1052684]\nE       \tGetHandleVerifier [0x00E4D4A4+1025652]\nE       \tGetHandleVerifier [0x00D7EA2B+179195]\nE       \t(No symbol) [0x00D26833]\nE       \t(No symbol) [0x00D23198]\nE       \t(No symbol) [0x00D23337]\nE       \t(No symbol) [0x00D1B4BE]\nE       \tBaseThreadInitThunk [0x75047BA9+25]\nE       \tRtlInitializeExceptionChain [0x772CC10B+107]\nE       \tRtlClearBits [0x772CC08F+191]\n\n..\\..\\.venv\\Lib\\site-packages\\selenium\\webdriver\\support\\wait.py:105: TimeoutException\n&#34;}], &#34;buzz/test_buzz.py::TestBuzz::test_like_post&#34;: [{&#34;extras&#34;: [], &#34;result&#34;: &#34;Failed&#34;, &#34;testId&#34;: &#34;buzz/test_buzz.py::TestBuzz::test_like_post&#34;, &#34;duration&#34;: &#34;00:00:10&#34;, &#34;resultsTableRow&#34;: [&#34;&lt;td class=\&#34;col-result\&#34;&gt;Failed&lt;/td&gt;&#34;, &#34;&lt;td class=\&#34;col-testId\&#34;&gt;buzz/test_buzz.py::TestBuzz::test_like_post&lt;/td&gt;&#34;, &#34;&lt;td class=\&#34;col-duration\&#34;&gt;00:00:10&lt;/td&gt;&#34;, &#34;&lt;td class=\&#34;col-links\&#34;&gt;&lt;/td&gt;&#34;], &#34;log&#34;: &#34;self = &amp;lt;test_buzz.TestBuzz object at 0x00000280A49634A0&amp;gt;\n\n    def test_like_post(self):\n        driver = self.driver\n        wait = WebDriverWait(driver, 10)\n    \n&amp;gt;       self.login_as_admin()\n\nbuzz\\test_buzz.py:75: \n_ _ _ _ _ _ _ _ _ _ _ _ _ _ _ _ _ _ _ _ _ _ _ _ _ _ _ _ _ _ _ _ _ _ _ _ _ _ _ _ _ _ _ _ _ _ _ _ _ _ _ _ _ _ _ _ _ _ _ _ _ _ _ _ _ _ _ _ _ _ _ _ _ _ _ _ _ _ _\nbuzz\\test_buzz.py:27: in login_as_admin\n    username_field = wait.until(EC.presence_of_element_located((By.NAME, &amp;quot;username&amp;quot;)))\n_ _ _ _ _ _ _ _ _ _ _ _ _ _ _ _ _ _ _ _ _ _ _ _ _ _ _ _ _ _ _ _ _ _ _ _ _ _ _ _ _ _ _ _ _ _ _ _ _ _ _ _ _ _ _ _ _ _ _ _ _ _ _ _ _ _ _ _ _ _ _ _ _ _ _ _ _ _ _\n\nself = &amp;lt;selenium.webdriver.support.wait.WebDriverWait (session=&amp;quot;1fac4bb81ea1a4105178f228fcf8bb0e&amp;quot;)&amp;gt;\nmethod = &amp;lt;function presence_of_element_located.&amp;lt;locals&amp;gt;._predicate at 0x00000280A4DEC040&amp;gt;, message = &amp;#x27;&amp;#x27;\n\n    def until(self, method: Callable[[D], Union[Literal[False], T]], message: str = &amp;quot;&amp;quot;) -&amp;gt; T:\n        &amp;quot;&amp;quot;&amp;quot;Calls the method provided with the driver as an argument until the \\\n        return value does not evaluate to ``False``.\n    \n        :param method: callable(WebDriver)\n        :param message: optional message for :exc:`TimeoutException`\n        :returns: the result of the last call to `method`\n        :raises: :exc:`selenium.common.exceptions.TimeoutException` if timeout occurs\n        &amp;quot;&amp;quot;&amp;quot;\n        screen = None\n        stacktrace = None\n    \n        end_time = time.monotonic() + self._timeout\n        while True:\n            try:\n                value = method(self._driver)\n                if value:\n                    return value\n            except self._ignored_exceptions as exc:\n                screen = getattr(exc, &amp;quot;screen&amp;quot;, None)\n                stacktrace = getattr(exc, &amp;quot;stacktrace&amp;quot;, None)\n            time.sleep(self._poll)\n            if time.monotonic() &amp;gt; end_time:\n                break\n&amp;gt;       raise TimeoutException(message, screen, stacktrace)\nE       selenium.common.exceptions.TimeoutException: Message: \nE       Stacktrace:\nE       \tGetHandleVerifier [0x00D58923+23283]\nE       \t(No symbol) [0x00D1E934]\nE       \t(No symbol) [0x00C50733]\nE       \t(No symbol) [0x00C9326F]\nE       \t(No symbol) [0x00C934AB]\nE       \t(No symbol) [0x00CCEE42]\nE       \t(No symbol) [0x00CB4464]\nE       \t(No symbol) [0x00CCCB8D]\nE       \t(No symbol) [0x00CB41B6]\nE       \t(No symbol) [0x00C88017]\nE       \t(No symbol) [0x00C8890D]\nE       \tGetHandleVerifier [0x00E4A5E3+1013683]\nE       \tGetHandleVerifier [0x00E53E3C+1052684]\nE       \tGetHandleVerifier [0x00E4D4A4+1025652]\nE       \tGetHandleVerifier [0x00D7EA2B+179195]\nE       \t(No symbol) [0x00D26833]\nE       \t(No symbol) [0x00D23198]\nE       \t(No symbol) [0x00D23337]\nE       \t(No symbol) [0x00D1B4BE]\nE       \tBaseThreadInitThunk [0x75047BA9+25]\nE       \tRtlInitializeExceptionChain [0x772CC10B+107]\nE       \tRtlClearBits [0x772CC08F+191]\n\n..\\..\\.venv\\Lib\\site-packages\\selenium\\webdriver\\support\\wait.py:105: TimeoutException\n&#34;}], &#34;buzz/test_buzz.py::TestBuzz::test_view_post_details&#34;: [{&#34;extras&#34;: [], &#34;result&#34;: &#34;Failed&#34;, &#34;testId&#34;: &#34;buzz/test_buzz.py::TestBuzz::test_view_post_details&#34;, &#34;duration&#34;: &#34;00:00:13&#34;, &#34;resultsTableRow&#34;: [&#34;&lt;td class=\&#34;col-result\&#34;&gt;Failed&lt;/td&gt;&#34;, &#34;&lt;td class=\&#34;col-testId\&#34;&gt;buzz/test_buzz.py::TestBuzz::test_view_post_details&lt;/td&gt;&#34;, &#34;&lt;td class=\&#34;col-duration\&#34;&gt;00:00:13&lt;/td&gt;&#34;, &#34;&lt;td class=\&#34;col-links\&#34;&gt;&lt;/td&gt;&#34;], &#34;log&#34;: &#34;self = &amp;lt;test_buzz.TestBuzz object at 0x00000280A4963650&amp;gt;\n\n    def test_view_post_details(self):\n        driver = self.driver\n        wait = WebDriverWait(driver, 10)\n    \n&amp;gt;       self.login_as_admin()\n\nbuzz\\test_buzz.py:96: \n_ _ _ _ _ _ _ _ _ _ _ _ _ _ _ _ _ _ _ _ _ _ _ _ _ _ _ _ _ _ _ _ _ _ _ _ _ _ _ _ _ _ _ _ _ _ _ _ _ _ _ _ _ _ _ _ _ _ _ _ _ _ _ _ _ _ _ _ _ _ _ _ _ _ _ _ _ _ _\nbuzz\\test_buzz.py:27: in login_as_admin\n    username_field = wait.until(EC.presence_of_element_located((By.NAME, &amp;quot;username&amp;quot;)))\n_ _ _ _ _ _ _ _ _ _ _ _ _ _ _ _ _ _ _ _ _ _ _ _ _ _ _ _ _ _ _ _ _ _ _ _ _ _ _ _ _ _ _ _ _ _ _ _ _ _ _ _ _ _ _ _ _ _ _ _ _ _ _ _ _ _ _ _ _ _ _ _ _ _ _ _ _ _ _\n\nself = &amp;lt;selenium.webdriver.support.wait.WebDriverWait (session=&amp;quot;1fac4bb81ea1a4105178f228fcf8bb0e&amp;quot;)&amp;gt;\nmethod = &amp;lt;function presence_of_element_located.&amp;lt;locals&amp;gt;._predicate at 0x00000280A4DEC2C0&amp;gt;, message = &amp;#x27;&amp;#x27;\n\n    def until(self, method: Callable[[D], Union[Literal[False], T]], message: str = &amp;quot;&amp;quot;) -&amp;gt; T:\n        &amp;quot;&amp;quot;&amp;quot;Calls the method provided with the driver as an argument until the \\\n        return value does not evaluate to ``False``.\n    \n        :param method: callable(WebDriver)\n        :param message: optional message for :exc:`TimeoutException`\n        :returns: the result of the last call to `method`\n        :raises: :exc:`selenium.common.exceptions.TimeoutException` if timeout occurs\n        &amp;quot;&amp;quot;&amp;quot;\n        screen = None\n        stacktrace = None\n    \n        end_time = time.monotonic() + self._timeout\n        while True:\n            try:\n                value = method(self._driver)\n                if value:\n                    return value\n            except self._ignored_exceptions as exc:\n                screen = getattr(exc, &amp;quot;screen&amp;quot;, None)\n                stacktrace = getattr(exc, &amp;quot;stacktrace&amp;quot;, None)\n            time.sleep(self._poll)\n            if time.monotonic() &amp;gt; end_time:\n                break\n&amp;gt;       raise TimeoutException(message, screen, stacktrace)\nE       selenium.common.exceptions.TimeoutException: Message: \nE       Stacktrace:\nE       \tGetHandleVerifier [0x00D58923+23283]\nE       \t(No symbol) [0x00D1E934]\nE       \t(No symbol) [0x00C50733]\nE       \t(No symbol) [0x00C9326F]\nE       \t(No symbol) [0x00C934AB]\nE       \t(No symbol) [0x00CCEE42]\nE       \t(No symbol) [0x00CB4464]\nE       \t(No symbol) [0x00CCCB8D]\nE       \t(No symbol) [0x00CB41B6]\nE       \t(No symbol) [0x00C88017]\nE       \t(No symbol) [0x00C8890D]\nE       \tGetHandleVerifier [0x00E4A5E3+1013683]\nE       \tGetHandleVerifier [0x00E53E3C+1052684]\nE       \tGetHandleVerifier [0x00E4D4A4+1025652]\nE       \tGetHandleVerifier [0x00D7EA2B+179195]\nE       \t(No symbol) [0x00D26833]\nE       \t(No symbol) [0x00D23198]\nE       \t(No symbol) [0x00D23337]\nE       \t(No symbol) [0x00D1B4BE]\nE       \tBaseThreadInitThunk [0x75047BA9+25]\nE       \tRtlInitializeExceptionChain [0x772CC10B+107]\nE       \tRtlClearBits [0x772CC08F+191]\n\n..\\..\\.venv\\Lib\\site-packages\\selenium\\webdriver\\support\\wait.py:105: TimeoutException\n&#34;}]}, &#34;renderCollapsed&#34;: [&#34;passed&#34;], &#34;initialSort&#34;: &#34;result&#34;, &#34;title&#34;: &#34;report.html&#34;}"></div>
    <script>
      (function(){function r(e,n,t){function o(i,f){if(!n[i]){if(!e[i]){var c="function"==typeof require&&require;if(!f&&c)return c(i,!0);if(u)return u(i,!0);var a=new Error("Cannot find module '"+i+"'");throw a.code="MODULE_NOT_FOUND",a}var p=n[i]={exports:{}};e[i][0].call(p.exports,function(r){var n=e[i][1][r];return o(n||r)},p,p.exports,r,e,n,t)}return n[i].exports}for(var u="function"==typeof require&&require,i=0;i<t.length;i++)o(t[i]);return o}return r})()({1:[function(require,module,exports){
const { getCollapsedCategory, setCollapsedIds } = require('./storage.js')

class DataManager {
    setManager(data) {
        const collapsedCategories = [...getCollapsedCategory(data.renderCollapsed)]
        const collapsedIds = []
        const tests = Object.values(data.tests).flat().map((test, index) => {
            const collapsed = collapsedCategories.includes(test.result.toLowerCase())
            const id = `test_${index}`
            if (collapsed) {
                collapsedIds.push(id)
            }
            return {
                ...test,
                id,
                collapsed,
            }
        })
        const dataBlob = { ...data, tests }
        this.data = { ...dataBlob }
        this.renderData = { ...dataBlob }
        setCollapsedIds(collapsedIds)
    }

    get allData() {
        return { ...this.data }
    }

    resetRender() {
        this.renderData = { ...this.data }
    }

    setRender(data) {
        this.renderData.tests = [...data]
    }

    toggleCollapsedItem(id) {
        this.renderData.tests = this.renderData.tests.map((test) =>
            test.id === id ? { ...test, collapsed: !test.collapsed } : test,
        )
    }

    set allCollapsed(collapsed) {
        this.renderData = { ...this.renderData, tests: [...this.renderData.tests.map((test) => (
            { ...test, collapsed }
        ))] }
    }

    get testSubset() {
        return [...this.renderData.tests]
    }

    get environment() {
        return this.renderData.environment
    }

    get initialSort() {
        return this.data.initialSort
    }
}

module.exports = {
    manager: new DataManager(),
}

},{"./storage.js":8}],2:[function(require,module,exports){
const mediaViewer = require('./mediaviewer.js')
const templateEnvRow = document.getElementById('template_environment_row')
const templateResult = document.getElementById('template_results-table__tbody')

function htmlToElements(html) {
    const temp = document.createElement('template')
    temp.innerHTML = html
    return temp.content.childNodes
}

const find = (selector, elem) => {
    if (!elem) {
        elem = document
    }
    return elem.querySelector(selector)
}

const findAll = (selector, elem) => {
    if (!elem) {
        elem = document
    }
    return [...elem.querySelectorAll(selector)]
}

const dom = {
    getStaticRow: (key, value) => {
        const envRow = templateEnvRow.content.cloneNode(true)
        const isObj = typeof value === 'object' && value !== null
        const values = isObj ? Object.keys(value).map((k) => `${k}: ${value[k]}`) : null

        const valuesElement = htmlToElements(
            values ? `<ul>${values.map((val) => `<li>${val}</li>`).join('')}<ul>` : `<div>${value}</div>`)[0]
        const td = findAll('td', envRow)
        td[0].textContent = key
        td[1].appendChild(valuesElement)

        return envRow
    },
    getResultTBody: ({ testId, id, log, extras, resultsTableRow, tableHtml, result, collapsed }) => {
        const resultBody = templateResult.content.cloneNode(true)
        resultBody.querySelector('tbody').classList.add(result.toLowerCase())
        resultBody.querySelector('tbody').id = testId
        resultBody.querySelector('.collapsible').dataset.id = id

        resultsTableRow.forEach((html) => {
            const t = document.createElement('template')
            t.innerHTML = html
            resultBody.querySelector('.collapsible').appendChild(t.content)
        })

        if (log) {
            // Wrap lines starting with "E" with span.error to color those lines red
            const wrappedLog = log.replace(/^E.*$/gm, (match) => `<span class="error">${match}</span>`)
            resultBody.querySelector('.log').innerHTML = wrappedLog
        } else {
            resultBody.querySelector('.log').remove()
        }

        if (collapsed) {
            resultBody.querySelector('.collapsible > td')?.classList.add('collapsed')
            resultBody.querySelector('.extras-row').classList.add('hidden')
        } else {
            resultBody.querySelector('.collapsible > td')?.classList.remove('collapsed')
        }

        const media = []
        extras?.forEach(({ name, format_type, content }) => {
            if (['image', 'video'].includes(format_type)) {
                media.push({ path: content, name, format_type })
            }

            if (format_type === 'html') {
                resultBody.querySelector('.extraHTML').insertAdjacentHTML('beforeend', `<div>${content}</div>`)
            }
        })
        mediaViewer.setup(resultBody, media)

        // Add custom html from the pytest_html_results_table_html hook
        tableHtml?.forEach((item) => {
            resultBody.querySelector('td[class="extra"]').insertAdjacentHTML('beforeend', item)
        })

        return resultBody
    },
}

module.exports = {
    dom,
    htmlToElements,
    find,
    findAll,
}

},{"./mediaviewer.js":6}],3:[function(require,module,exports){
const { manager } = require('./datamanager.js')
const { doSort } = require('./sort.js')
const storageModule = require('./storage.js')

const getFilteredSubSet = (filter) =>
    manager.allData.tests.filter(({ result }) => filter.includes(result.toLowerCase()))

const doInitFilter = () => {
    const currentFilter = storageModule.getVisible()
    const filteredSubset = getFilteredSubSet(currentFilter)
    manager.setRender(filteredSubset)
}

const doFilter = (type, show) => {
    if (show) {
        storageModule.showCategory(type)
    } else {
        storageModule.hideCategory(type)
    }

    const currentFilter = storageModule.getVisible()
    const filteredSubset = getFilteredSubSet(currentFilter)
    manager.setRender(filteredSubset)

    const sortColumn = storageModule.getSort()
    doSort(sortColumn, true)
}

module.exports = {
    doFilter,
    doInitFilter,
}

},{"./datamanager.js":1,"./sort.js":7,"./storage.js":8}],4:[function(require,module,exports){
const { redraw, bindEvents, renderStatic } = require('./main.js')
const { doInitFilter } = require('./filter.js')
const { doInitSort } = require('./sort.js')
const { manager } = require('./datamanager.js')
const data = JSON.parse(document.getElementById('data-container').dataset.jsonblob)

function init() {
    manager.setManager(data)
    doInitFilter()
    doInitSort()
    renderStatic()
    redraw()
    bindEvents()
}

init()

},{"./datamanager.js":1,"./filter.js":3,"./main.js":5,"./sort.js":7}],5:[function(require,module,exports){
const { dom, find, findAll } = require('./dom.js')
const { manager } = require('./datamanager.js')
const { doSort } = require('./sort.js')
const { doFilter } = require('./filter.js')
const {
    getVisible,
    getCollapsedIds,
    setCollapsedIds,
    getSort,
    getSortDirection,
    possibleFilters,
} = require('./storage.js')

const removeChildren = (node) => {
    while (node.firstChild) {
        node.removeChild(node.firstChild)
    }
}

const renderStatic = () => {
    const renderEnvironmentTable = () => {
        const environment = manager.environment
        const rows = Object.keys(environment).map((key) => dom.getStaticRow(key, environment[key]))
        const table = document.getElementById('environment')
        removeChildren(table)
        rows.forEach((row) => table.appendChild(row))
    }
    renderEnvironmentTable()
}

const addItemToggleListener = (elem) => {
    elem.addEventListener('click', ({ target }) => {
        const id = target.parentElement.dataset.id
        manager.toggleCollapsedItem(id)

        const collapsedIds = getCollapsedIds()
        if (collapsedIds.includes(id)) {
            const updated = collapsedIds.filter((item) => item !== id)
            setCollapsedIds(updated)
        } else {
            collapsedIds.push(id)
            setCollapsedIds(collapsedIds)
        }
        redraw()
    })
}

const renderContent = (tests) => {
    const sortAttr = getSort(manager.initialSort)
    const sortAsc = JSON.parse(getSortDirection())
    const rows = tests.map(dom.getResultTBody)
    const table = document.getElementById('results-table')
    const tableHeader = document.getElementById('results-table-head')

    const newTable = document.createElement('table')
    newTable.id = 'results-table'

    // remove all sorting classes and set the relevant
    findAll('.sortable', tableHeader).forEach((elem) => elem.classList.remove('asc', 'desc'))
    tableHeader.querySelector(`.sortable[data-column-type="${sortAttr}"]`)?.classList.add(sortAsc ? 'desc' : 'asc')
    newTable.appendChild(tableHeader)

    if (!rows.length) {
        const emptyTable = document.getElementById('template_results-table__body--empty').content.cloneNode(true)
        newTable.appendChild(emptyTable)
    } else {
        rows.forEach((row) => {
            if (!!row) {
                findAll('.collapsible td:not(.col-links', row).forEach(addItemToggleListener)
                find('.logexpander', row).addEventListener('click',
                    (evt) => evt.target.parentNode.classList.toggle('expanded'),
                )
                newTable.appendChild(row)
            }
        })
    }

    table.replaceWith(newTable)
}

const renderDerived = () => {
    const currentFilter = getVisible()
    possibleFilters.forEach((result) => {
        const input = document.querySelector(`input[data-test-result="${result}"]`)
        input.checked = currentFilter.includes(result)
    })
}

const bindEvents = () => {
    const filterColumn = (evt) => {
        const { target: element } = evt
        const { testResult } = element.dataset

        doFilter(testResult, element.checked)
        const collapsedIds = getCollapsedIds()
        const updated = manager.renderData.tests.map((test) => {
            return {
                ...test,
                collapsed: collapsedIds.includes(test.id),
            }
        })
        manager.setRender(updated)
        redraw()
    }

    const header = document.getElementById('environment-header')
    header.addEventListener('click', () => {
        const table = document.getElementById('environment')
        table.classList.toggle('hidden')
        header.classList.toggle('collapsed')
    })

    findAll('input[name="filter_checkbox"]').forEach((elem) => {
        elem.addEventListener('click', filterColumn)
    })

    findAll('.sortable').forEach((elem) => {
        elem.addEventListener('click', (evt) => {
            const { target: element } = evt
            const { columnType } = element.dataset
            doSort(columnType)
            redraw()
        })
    })

    document.getElementById('show_all_details').addEventListener('click', () => {
        manager.allCollapsed = false
        setCollapsedIds([])
        redraw()
    })
    document.getElementById('hide_all_details').addEventListener('click', () => {
        manager.allCollapsed = true
        const allIds = manager.renderData.tests.map((test) => test.id)
        setCollapsedIds(allIds)
        redraw()
    })
}

const redraw = () => {
    const { testSubset } = manager

    renderContent(testSubset)
    renderDerived()
}

module.exports = {
    redraw,
    bindEvents,
    renderStatic,
}

},{"./datamanager.js":1,"./dom.js":2,"./filter.js":3,"./sort.js":7,"./storage.js":8}],6:[function(require,module,exports){
class MediaViewer {
    constructor(assets) {
        this.assets = assets
        this.index = 0
    }

    nextActive() {
        this.index = this.index === this.assets.length - 1 ? 0 : this.index + 1
        return [this.activeFile, this.index]
    }

    prevActive() {
        this.index = this.index === 0 ? this.assets.length - 1 : this.index -1
        return [this.activeFile, this.index]
    }

    get currentIndex() {
        return this.index
    }

    get activeFile() {
        return this.assets[this.index]
    }
}


const setup = (resultBody, assets) => {
    if (!assets.length) {
        resultBody.querySelector('.media').classList.add('hidden')
        return
    }

    const mediaViewer = new MediaViewer(assets)
    const container = resultBody.querySelector('.media-container')
    const leftArrow = resultBody.querySelector('.media-container__nav--left')
    const rightArrow = resultBody.querySelector('.media-container__nav--right')
    const mediaName = resultBody.querySelector('.media__name')
    const counter = resultBody.querySelector('.media__counter')
    const imageEl = resultBody.querySelector('img')
    const sourceEl = resultBody.querySelector('source')
    const videoEl = resultBody.querySelector('video')

    const setImg = (media, index) => {
        if (media?.format_type === 'image') {
            imageEl.src = media.path

            imageEl.classList.remove('hidden')
            videoEl.classList.add('hidden')
        } else if (media?.format_type === 'video') {
            sourceEl.src = media.path

            videoEl.classList.remove('hidden')
            imageEl.classList.add('hidden')
        }

        mediaName.innerText = media?.name
        counter.innerText = `${index + 1} / ${assets.length}`
    }
    setImg(mediaViewer.activeFile, mediaViewer.currentIndex)

    const moveLeft = () => {
        const [media, index] = mediaViewer.prevActive()
        setImg(media, index)
    }
    const doRight = () => {
        const [media, index] = mediaViewer.nextActive()
        setImg(media, index)
    }
    const openImg = () => {
        window.open(mediaViewer.activeFile.path, '_blank')
    }
    if (assets.length === 1) {
        container.classList.add('media-container--fullscreen')
    } else {
        leftArrow.addEventListener('click', moveLeft)
        rightArrow.addEventListener('click', doRight)
    }
    imageEl.addEventListener('click', openImg)
}

module.exports = {
    setup,
}

},{}],7:[function(require,module,exports){
const { manager } = require('./datamanager.js')
const storageModule = require('./storage.js')

const genericSort = (list, key, ascending, customOrder) => {
    let sorted
    if (customOrder) {
        sorted = list.sort((a, b) => {
            const aValue = a.result.toLowerCase()
            const bValue = b.result.toLowerCase()

            const aIndex = customOrder.findIndex((item) => item.toLowerCase() === aValue)
            const bIndex = customOrder.findIndex((item) => item.toLowerCase() === bValue)

            // Compare the indices to determine the sort order
            return aIndex - bIndex
        })
    } else {
        sorted = list.sort((a, b) => a[key] === b[key] ? 0 : a[key] > b[key] ? 1 : -1)
    }

    if (ascending) {
        sorted.reverse()
    }
    return sorted
}

const durationSort = (list, ascending) => {
    const parseDuration = (duration) => {
        if (duration.includes(':')) {
            // If it's in the format "HH:mm:ss"
            const [hours, minutes, seconds] = duration.split(':').map(Number)
            return (hours * 3600 + minutes * 60 + seconds) * 1000
        } else {
            // If it's in the format "nnn ms"
            return parseInt(duration)
        }
    }
    const sorted = list.sort((a, b) => parseDuration(a['duration']) - parseDuration(b['duration']))
    if (ascending) {
        sorted.reverse()
    }
    return sorted
}

const doInitSort = () => {
    const type = storageModule.getSort(manager.initialSort)
    const ascending = storageModule.getSortDirection()
    const list = manager.testSubset
    const initialOrder = ['Error', 'Failed', 'Rerun', 'XFailed', 'XPassed', 'Skipped', 'Passed']

    storageModule.setSort(type)
    storageModule.setSortDirection(ascending)

    if (type?.toLowerCase() === 'original') {
        manager.setRender(list)
    } else {
        let sortedList
        switch (type) {
        case 'duration':
            sortedList = durationSort(list, ascending)
            break
        case 'result':
            sortedList = genericSort(list, type, ascending, initialOrder)
            break
        default:
            sortedList = genericSort(list, type, ascending)
            break
        }
        manager.setRender(sortedList)
    }
}

const doSort = (type, skipDirection) => {
    const newSortType = storageModule.getSort(manager.initialSort) !== type
    const currentAsc = storageModule.getSortDirection()
    let ascending
    if (skipDirection) {
        ascending = currentAsc
    } else {
        ascending = newSortType ? false : !currentAsc
    }
    storageModule.setSort(type)
    storageModule.setSortDirection(ascending)

    const list = manager.testSubset
    const sortedList = type === 'duration' ? durationSort(list, ascending) : genericSort(list, type, ascending)
    manager.setRender(sortedList)
}

module.exports = {
    doInitSort,
    doSort,
}

},{"./datamanager.js":1,"./storage.js":8}],8:[function(require,module,exports){
const possibleFilters = [
    'passed',
    'skipped',
    'failed',
    'error',
    'xfailed',
    'xpassed',
    'rerun',
]

const getVisible = () => {
    const url = new URL(window.location.href)
    const settings = new URLSearchParams(url.search).get('visible')
    const lower = (item) => {
        const lowerItem = item.toLowerCase()
        if (possibleFilters.includes(lowerItem)) {
            return lowerItem
        }
        return null
    }
    return settings === null ?
        possibleFilters :
        [...new Set(settings?.split(',').map(lower).filter((item) => item))]
}

const hideCategory = (categoryToHide) => {
    const url = new URL(window.location.href)
    const visibleParams = new URLSearchParams(url.search).get('visible')
    const currentVisible = visibleParams ? visibleParams.split(',') : [...possibleFilters]
    const settings = [...new Set(currentVisible)].filter((f) => f !== categoryToHide).join(',')

    url.searchParams.set('visible', settings)
    window.history.pushState({}, null, unescape(url.href))
}

const showCategory = (categoryToShow) => {
    if (typeof window === 'undefined') {
        return
    }
    const url = new URL(window.location.href)
    const currentVisible = new URLSearchParams(url.search).get('visible')?.split(',').filter(Boolean) ||
        [...possibleFilters]
    const settings = [...new Set([categoryToShow, ...currentVisible])]
    const noFilter = possibleFilters.length === settings.length || !settings.length

    noFilter ? url.searchParams.delete('visible') : url.searchParams.set('visible', settings.join(','))
    window.history.pushState({}, null, unescape(url.href))
}

const getSort = (initialSort) => {
    const url = new URL(window.location.href)
    let sort = new URLSearchParams(url.search).get('sort')
    if (!sort) {
        sort = initialSort || 'result'
    }
    return sort
}

const setSort = (type) => {
    const url = new URL(window.location.href)
    url.searchParams.set('sort', type)
    window.history.pushState({}, null, unescape(url.href))
}

const getCollapsedCategory = (renderCollapsed) => {
    let categories
    if (typeof window !== 'undefined') {
        const url = new URL(window.location.href)
        const collapsedItems = new URLSearchParams(url.search).get('collapsed')
        switch (true) {
        case !renderCollapsed && collapsedItems === null:
            categories = ['passed']
            break
        case collapsedItems?.length === 0 || /^["']{2}$/.test(collapsedItems):
            categories = []
            break
        case /^all$/.test(collapsedItems) || collapsedItems === null && /^all$/.test(renderCollapsed):
            categories = [...possibleFilters]
            break
        default:
            categories = collapsedItems?.split(',').map((item) => item.toLowerCase()) || renderCollapsed
            break
        }
    } else {
        categories = []
    }
    return categories
}

const getSortDirection = () => JSON.parse(sessionStorage.getItem('sortAsc')) || false
const setSortDirection = (ascending) => sessionStorage.setItem('sortAsc', ascending)

const getCollapsedIds = () => JSON.parse(sessionStorage.getItem('collapsedIds')) || []
const setCollapsedIds = (list) => sessionStorage.setItem('collapsedIds', JSON.stringify(list))

module.exports = {
    getVisible,
    hideCategory,
    showCategory,
    getCollapsedIds,
    setCollapsedIds,
    getSort,
    setSort,
    getSortDirection,
    setSortDirection,
    getCollapsedCategory,
    possibleFilters,
}

},{}]},{},[4]);
    </script>
  </footer>
</html>